c:\sync.com\sync\lym-sources\porphyrograph-vc17\release\core_light\vc143.pdb
c:\sync.com\sync\lym-sources\porphyrograph-vc17\release\core_light\pg-update.obj
c:\sync.com\sync\lym-sources\porphyrograph-vc17\release\core_light\pg-mesh.obj
c:\sync.com\sync\lym-sources\porphyrograph-vc17\release\core_light\pg-main.obj
c:\sync.com\sync\lym-sources\porphyrograph-vc17\release\core_light\pg-udp.obj
c:\sync.com\sync\lym-sources\porphyrograph-vc17\release\core_light\pg-texture.obj
c:\sync.com\sync\lym-sources\porphyrograph-vc17\release\core_light\pg-svg-clip-art.obj
c:\sync.com\sync\lym-sources\porphyrograph-vc17\release\core_light\pg-stroke.obj
c:\sync.com\sync\lym-sources\porphyrograph-vc17\release\core_light\pg-shader.obj
c:\sync.com\sync\lym-sources\porphyrograph-vc17\release\core_light\pg-script.obj
c:\sync.com\sync\lym-sources\porphyrograph-vc17\release\core_light\pg-light.obj
c:\sync.com\sync\lym-sources\porphyrograph-vc17\release\core_light\pg-init.obj
c:\sync.com\sync\lym-sources\porphyrograph-vc17\release\core_light\pg-gstreamer.obj
c:\sync.com\sync\lym-sources\porphyrograph-vc17\release\core_light\pg-conf.obj
c:\sync.com\sync\lym-sources\porphyrograph-vc17\release\core_light\porphyrograph_core_light.pdb
c:\sync.com\sync\lym-sources\porphyrograph-vc17\release\core_light\porphyro.ce4fdfcf.tlog\cl.command.1.tlog
c:\sync.com\sync\lym-sources\porphyrograph-vc17\release\core_light\porphyro.ce4fdfcf.tlog\cl.read.1.tlog
c:\sync.com\sync\lym-sources\porphyrograph-vc17\release\core_light\porphyro.ce4fdfcf.tlog\cl.write.1.tlog
c:\sync.com\sync\lym-sources\porphyrograph-vc17\release\core_light\porphyro.ce4fdfcf.tlog\link-cvtres.read.1.tlog
c:\sync.com\sync\lym-sources\porphyrograph-vc17\release\core_light\porphyro.ce4fdfcf.tlog\link-cvtres.write.1.tlog
c:\sync.com\sync\lym-sources\porphyrograph-vc17\release\core_light\porphyro.ce4fdfcf.tlog\link-rc.read.1.tlog
c:\sync.com\sync\lym-sources\porphyrograph-vc17\release\core_light\porphyro.ce4fdfcf.tlog\link-rc.write.1.tlog
c:\sync.com\sync\lym-sources\porphyrograph-vc17\release\core_light\porphyro.ce4fdfcf.tlog\link.command.1.tlog
c:\sync.com\sync\lym-sources\porphyrograph-vc17\release\core_light\porphyro.ce4fdfcf.tlog\link.read.1.tlog
c:\sync.com\sync\lym-sources\porphyrograph-vc17\release\core_light\porphyro.ce4fdfcf.tlog\link.write.1.tlog
