d:\lym-sources\porphyrograph-vc17\release\curves\beziercurvemain.obj
d:\lym-sources\porphyrograph-vc17\release\curves\loadshaders.obj
d:\lym-sources\porphyrograph-vc17\release\curves\pg-texture.obj
d:\lym-sources\porphyrograph-vc17\release\curves\vc141.pdb
d:\lym-sources\porphyrograph-vc17\release\curves\porphyrograph_curves.exe
d:\lym-sources\porphyrograph-vc17\release\curves\porphyrograph_curves.pdb
d:\lym-sources\porphyrograph-vc17\release\curves\porphyrograph_curves.ipdb
d:\lym-sources\porphyrograph-vc17\release\curves\porphyrograph_curves.iobj
d:\lym-github\lym-sources\porphyrograph-vc17\release\curves\beziercurvemain.obj
d:\lym-github\lym-sources\porphyrograph-vc17\release\curves\loadshaders.obj
d:\lym-github\lym-sources\porphyrograph-vc17\release\curves\pg-texture.obj
d:\lym-github\lym-sources\porphyrograph-vc17\release\curves\porphyrograph_curves.ipdb
d:\lym-github\lym-sources\porphyrograph-vc17\release\curves\porphyrograph_curves.iobj
d:\lym-github\lym-sources\porphyrograph-vc17\release\curves\porphyrograph_curves.pdb
d:\lym-github\lym-sources\porphyrograph-vc17\release\curves\vc141.pdb
d:\lym-github\lym-sources\porphyrograph-vc17\release\curves\porphyrograph_curves.exe
d:\lym-github\lym-sources\porphyrograph-vc17\release\curves\porphyro.d8855153.tlog\cl.command.1.tlog
d:\lym-github\lym-sources\porphyrograph-vc17\release\curves\porphyro.d8855153.tlog\cl.read.1.tlog
d:\lym-github\lym-sources\porphyrograph-vc17\release\curves\porphyro.d8855153.tlog\cl.write.1.tlog
d:\lym-github\lym-sources\porphyrograph-vc17\release\curves\porphyro.d8855153.tlog\link.command.1.tlog
d:\lym-github\lym-sources\porphyrograph-vc17\release\curves\porphyro.d8855153.tlog\link.read.1.tlog
d:\lym-github\lym-sources\porphyrograph-vc17\release\curves\porphyro.d8855153.tlog\link.write.1.tlog
d:\lym-github\lym-sources\porphyrograph-vc17\release\curves\porphyro.d8855153.tlog\porphyrograph_curves.write.1u.tlog
