c:\sync.com\sync\lym-sources\porphyrograph-vc17\release\core_voluspa\vc142.pdb
c:\sync.com\sync\lym-sources\porphyrograph-vc17\release\core_voluspa\pg-shader.obj
c:\sync.com\sync\lym-sources\porphyrograph-vc17\release\core_voluspa\porphyrograph_core_voluspa.exe
c:\sync.com\sync\lym-sources\porphyrograph-vc17\release\core_voluspa\porphyrograph_core_voluspa.pdb
c:\sync.com\sync\lym-sources\porphyrograph-vc17\release\core_voluspa\pg-conf.obj
c:\sync.com\sync\lym-sources\porphyrograph-vc17\release\core_voluspa\pg-init.obj
c:\sync.com\sync\lym-sources\porphyrograph-vc17\release\core_voluspa\pg-main.obj
c:\sync.com\sync\lym-sources\porphyrograph-vc17\release\core_voluspa\pg-script.obj
c:\sync.com\sync\lym-sources\porphyrograph-vc17\release\core_voluspa\pg-stroke.obj
c:\sync.com\sync\lym-sources\porphyrograph-vc17\release\core_voluspa\pg-svg-clip-art.obj
c:\sync.com\sync\lym-sources\porphyrograph-vc17\release\core_voluspa\pg-texture.obj
c:\sync.com\sync\lym-sources\porphyrograph-vc17\release\core_voluspa\pg-udp.obj
c:\sync.com\sync\lym-sources\porphyrograph-vc17\release\core_voluspa\pg-update.obj
c:\sync.com\sync\lym-sources\porphyrograph-vc17\release\core_voluspa\vc141.pdb
c:\sync.com\sync\lym-sources\porphyrograph-vc17\release\core_voluspa\porphyro.986e4103.tlog\cl.command.1.tlog
c:\sync.com\sync\lym-sources\porphyrograph-vc17\release\core_voluspa\porphyro.986e4103.tlog\cl.read.1.tlog
c:\sync.com\sync\lym-sources\porphyrograph-vc17\release\core_voluspa\porphyro.986e4103.tlog\cl.write.1.tlog
c:\sync.com\sync\lym-sources\porphyrograph-vc17\release\core_voluspa\porphyro.986e4103.tlog\link.command.1.tlog
c:\sync.com\sync\lym-sources\porphyrograph-vc17\release\core_voluspa\porphyro.986e4103.tlog\link.read.1.tlog
c:\sync.com\sync\lym-sources\porphyrograph-vc17\release\core_voluspa\porphyro.986e4103.tlog\link.write.1.tlog
