d:\lym-sources\porphyrograph-vc17\release\tvwinstall\vc141.pdb
d:\lym-sources\porphyrograph-vc17\release\tvwinstall\pg-udp.obj
d:\lym-sources\porphyrograph-vc17\release\tvwinstall\pg-texture.obj
d:\lym-sources\porphyrograph-vc17\release\tvwinstall\pg-stroke.obj
d:\lym-sources\porphyrograph-vc17\release\tvwinstall\pg-shader.obj
d:\lym-sources\porphyrograph-vc17\release\tvwinstall\pg-script.obj
d:\lym-sources\porphyrograph-vc17\release\tvwinstall\pg-main.obj
d:\lym-sources\porphyrograph-vc17\release\tvwinstall\pg-draw.obj
d:\lym-sources\porphyrograph-vc17\release\tvwinstall\pg-conf.obj
d:\lym-sources\porphyrograph-vc17\release\tvwinstall\porphyrograph_tvwinstall.exe
d:\lym-sources\porphyrograph-vc17\release\tvwinstall\porphyrograph_tvwinstall.pdb
d:\lym-github\lym-sources\porphyrograph-vc17\release\tvwinstall\pg-conf.obj
d:\lym-github\lym-sources\porphyrograph-vc17\release\tvwinstall\pg-draw.obj
d:\lym-github\lym-sources\porphyrograph-vc17\release\tvwinstall\pg-main.obj
d:\lym-github\lym-sources\porphyrograph-vc17\release\tvwinstall\pg-script.obj
d:\lym-github\lym-sources\porphyrograph-vc17\release\tvwinstall\pg-shader.obj
d:\lym-github\lym-sources\porphyrograph-vc17\release\tvwinstall\pg-stroke.obj
d:\lym-github\lym-sources\porphyrograph-vc17\release\tvwinstall\pg-texture.obj
d:\lym-github\lym-sources\porphyrograph-vc17\release\tvwinstall\pg-udp.obj
d:\lym-github\lym-sources\porphyrograph-vc17\release\tvwinstall\porphyrograph_tvwinstall.pdb
d:\lym-github\lym-sources\porphyrograph-vc17\release\tvwinstall\vc141.pdb
d:\lym-github\lym-sources\porphyrograph-vc17\release\tvwinstall\porphyrograph_tvwinstall.exe
d:\lym-github\lym-sources\porphyrograph-vc17\release\tvwinstall\porphyro.2441cd4c.tlog\cl.command.1.tlog
d:\lym-github\lym-sources\porphyrograph-vc17\release\tvwinstall\porphyro.2441cd4c.tlog\cl.read.1.tlog
d:\lym-github\lym-sources\porphyrograph-vc17\release\tvwinstall\porphyro.2441cd4c.tlog\cl.write.1.tlog
d:\lym-github\lym-sources\porphyrograph-vc17\release\tvwinstall\porphyro.2441cd4c.tlog\link.command.1.tlog
d:\lym-github\lym-sources\porphyrograph-vc17\release\tvwinstall\porphyro.2441cd4c.tlog\link.read.1.tlog
d:\lym-github\lym-sources\porphyrograph-vc17\release\tvwinstall\porphyro.2441cd4c.tlog\link.write.1.tlog
