c:\sync.com\sync\lym-sources\porphyrograph-vc17\release\core_foret\vc143.pdb
c:\sync.com\sync\lym-sources\porphyrograph-vc17\release\core_foret\pg-update.obj
c:\sync.com\sync\lym-sources\porphyrograph-vc17\release\core_foret\pg-udp.obj
c:\sync.com\sync\lym-sources\porphyrograph-vc17\release\core_foret\pg-texture.obj
c:\sync.com\sync\lym-sources\porphyrograph-vc17\release\core_foret\pg-stroke.obj
c:\sync.com\sync\lym-sources\porphyrograph-vc17\release\core_foret\pg-shader.obj
c:\sync.com\sync\lym-sources\porphyrograph-vc17\release\core_foret\pg-script.obj
c:\sync.com\sync\lym-sources\porphyrograph-vc17\release\core_foret\pg-mesh.obj
c:\sync.com\sync\lym-sources\porphyrograph-vc17\release\core_foret\pg-main.obj
c:\sync.com\sync\lym-sources\porphyrograph-vc17\release\core_foret\pg-light.obj
c:\sync.com\sync\lym-sources\porphyrograph-vc17\release\core_foret\pg-init.obj
c:\sync.com\sync\lym-sources\porphyrograph-vc17\release\core_foret\pg-conf.obj
c:\sync.com\sync\lym-sources\porphyrograph-vc17\release\core_foret\pg-svg-clip-art.obj
c:\sync.com\sync\lym-sources\porphyrograph-vc17\release\core_foret\porphyrograph_core_foret.pdb
c:\sync.com\sync\lym-sources\porphyrograph-vc17\release\core_foret\porphyro.6e42843e.tlog\cl.command.1.tlog
c:\sync.com\sync\lym-sources\porphyrograph-vc17\release\core_foret\porphyro.6e42843e.tlog\cl.read.1.tlog
c:\sync.com\sync\lym-sources\porphyrograph-vc17\release\core_foret\porphyro.6e42843e.tlog\cl.write.1.tlog
c:\sync.com\sync\lym-sources\porphyrograph-vc17\release\core_foret\porphyro.6e42843e.tlog\link-cvtres.read.1.tlog
c:\sync.com\sync\lym-sources\porphyrograph-vc17\release\core_foret\porphyro.6e42843e.tlog\link-cvtres.write.1.tlog
c:\sync.com\sync\lym-sources\porphyrograph-vc17\release\core_foret\porphyro.6e42843e.tlog\link-rc.read.1.tlog
c:\sync.com\sync\lym-sources\porphyrograph-vc17\release\core_foret\porphyro.6e42843e.tlog\link-rc.write.1.tlog
c:\sync.com\sync\lym-sources\porphyrograph-vc17\release\core_foret\porphyro.6e42843e.tlog\link.command.1.tlog
c:\sync.com\sync\lym-sources\porphyrograph-vc17\release\core_foret\porphyro.6e42843e.tlog\link.read.1.tlog
c:\sync.com\sync\lym-sources\porphyrograph-vc17\release\core_foret\porphyro.6e42843e.tlog\link.write.1.tlog
