  pg-conf.cpp
C:\sync.com\Sync\LYM-sources\Porphyrograph-src\pg-conf.cpp(1170,4): error C2046: illegal case
C:\sync.com\Sync\LYM-sources\Porphyrograph-src\pg-conf.cpp(1171,4): error C2046: illegal case
C:\sync.com\Sync\LYM-sources\Porphyrograph-src\pg-conf.cpp(1191,4): error C2046: illegal case
C:\sync.com\Sync\LYM-sources\Porphyrograph-src\pg-conf.cpp(1192,4): error C2046: illegal case
C:\sync.com\Sync\LYM-sources\Porphyrograph-src\pg-conf.cpp(1196,4): error C2047: illegal default
C:\sync.com\Sync\LYM-sources\Porphyrograph-src\pg-conf.cpp(1220,26): error C4430: missing type specifier - int assumed. Note: C++ does not support default-int
C:\sync.com\Sync\LYM-sources\Porphyrograph-src\pg-conf.cpp(1220,7): error C2365: 'std::getline': redefinition; previous definition was 'function'
C:\sync.com\Sync\LYM-sources\Porphyrograph-src\pg-conf.cpp(1220,26): error C2513: 'std::getline': no variable declared before '='
C:\sync.com\Sync\LYM-sources\Porphyrograph-src\pg-conf.cpp(1220,15): error C2065: 'scenarioFin': undeclared identifier
C:\sync.com\Sync\LYM-sources\Porphyrograph-src\pg-conf.cpp(1221,24): error C4430: missing type specifier - int assumed. Note: C++ does not support default-int
C:\sync.com\Sync\LYM-sources\Porphyrograph-src\pg-conf.cpp(1221,2): error C2365: 'stringstreamStoreLine': redefinition; previous definition was 'function'
C:\sync.com\Sync\LYM-sources\Porphyrograph-src\pg-conf.cpp(231): message : see declaration of 'stringstreamStoreLine'
C:\sync.com\Sync\LYM-sources\Porphyrograph-src\pg-conf.cpp(1221,25): error C2065: 'sstream': undeclared identifier
C:\sync.com\Sync\LYM-sources\Porphyrograph-src\pg-conf.cpp(1222,10): error C2143: syntax error: missing ';' before '>>'
C:\sync.com\Sync\LYM-sources\Porphyrograph-src\pg-conf.cpp(1222,10): error C4430: missing type specifier - int assumed. Note: C++ does not support default-int
C:\sync.com\Sync\LYM-sources\Porphyrograph-src\pg-conf.cpp(1223,2): error C2059: syntax error: 'if'
C:\sync.com\Sync\LYM-sources\Porphyrograph-src\pg-conf.cpp(1223,36): error C2143: syntax error: missing ';' before '{'
C:\sync.com\Sync\LYM-sources\Porphyrograph-src\pg-conf.cpp(1223,36): error C2447: '{': missing function header (old-style formal list?)
C:\sync.com\Sync\LYM-sources\Porphyrograph-src\pg-conf.cpp(1227,9): error C4430: missing type specifier - int assumed. Note: C++ does not support default-int
C:\sync.com\Sync\LYM-sources\Porphyrograph-src\pg-conf.cpp(1227,2): error C2365: 'printf': redefinition; previous definition was 'function'
C:\Program Files (x86)\Windows Kits\10\Include\10.0.19041.0\ucrt\stdio.h(950): message : see declaration of 'printf'
C:\sync.com\Sync\LYM-sources\Porphyrograph-src\pg-conf.cpp(1231,14): error C4430: missing type specifier - int assumed. Note: C++ does not support default-int
C:\sync.com\Sync\LYM-sources\Porphyrograph-src\pg-conf.cpp(1233,26): error C4430: missing type specifier - int assumed. Note: C++ does not support default-int
C:\sync.com\Sync\LYM-sources\Porphyrograph-src\pg-conf.cpp(1233,7): error C2365: 'std::getline': redefinition; previous definition was 'function'
C:\sync.com\Sync\LYM-sources\Porphyrograph-src\pg-conf.cpp(1233,26): error C2513: 'std::getline': no variable declared before '='
C:\sync.com\Sync\LYM-sources\Porphyrograph-src\pg-conf.cpp(1233,15): error C2065: 'scenarioFin': undeclared identifier
C:\sync.com\Sync\LYM-sources\Porphyrograph-src\pg-conf.cpp(1234,24): error C4430: missing type specifier - int assumed. Note: C++ does not support default-int
C:\sync.com\Sync\LYM-sources\Porphyrograph-src\pg-conf.cpp(1234,2): error C2365: 'stringstreamStoreLine': redefinition; previous definition was 'function'
C:\sync.com\Sync\LYM-sources\Porphyrograph-src\pg-conf.cpp(231): message : see declaration of 'stringstreamStoreLine'
C:\sync.com\Sync\LYM-sources\Porphyrograph-src\pg-conf.cpp(1235,10): error C2143: syntax error: missing ';' before '>>'
C:\sync.com\Sync\LYM-sources\Porphyrograph-src\pg-conf.cpp(1235,10): error C4430: missing type specifier - int assumed. Note: C++ does not support default-int
C:\sync.com\Sync\LYM-sources\Porphyrograph-src\pg-conf.cpp(1235,2): error C2086: 'int sstream': redefinition
C:\sync.com\Sync\LYM-sources\Porphyrograph-src\pg-conf.cpp(1222): message : see declaration of 'sstream'
C:\sync.com\Sync\LYM-sources\Porphyrograph-src\pg-conf.cpp(1236,2): error C2059: syntax error: 'if'
C:\sync.com\Sync\LYM-sources\Porphyrograph-src\pg-conf.cpp(1236,33): error C2143: syntax error: missing ';' before '{'
C:\sync.com\Sync\LYM-sources\Porphyrograph-src\pg-conf.cpp(1236,33): error C2447: '{': missing function header (old-style formal list?)
C:\sync.com\Sync\LYM-sources\Porphyrograph-src\pg-conf.cpp(1239,10): error C2143: syntax error: missing ';' before '>>'
C:\sync.com\Sync\LYM-sources\Porphyrograph-src\pg-conf.cpp(1239,10): error C4430: missing type specifier - int assumed. Note: C++ does not support default-int
C:\sync.com\Sync\LYM-sources\Porphyrograph-src\pg-conf.cpp(1239,2): error C2086: 'int sstream': redefinition
C:\sync.com\Sync\LYM-sources\Porphyrograph-src\pg-conf.cpp(1222): message : see declaration of 'sstream'
C:\sync.com\Sync\LYM-sources\Porphyrograph-src\pg-conf.cpp(1241,2): error C2059: syntax error: 'for'
C:\sync.com\Sync\LYM-sources\Porphyrograph-src\pg-conf.cpp(1241,2): error C2143: syntax error: missing ')' before ';'
C:\sync.com\Sync\LYM-sources\Porphyrograph-src\pg-conf.cpp(1241,45): error C2143: syntax error: missing '>' before ';'
C:\sync.com\Sync\LYM-sources\Porphyrograph-src\pg-conf.cpp(1241,25): error C7568: argument list missing after assumed function template 'indVideo'
C:\sync.com\Sync\LYM-sources\Porphyrograph-src\pg-conf.cpp(1241,55): error C2143: syntax error: missing ';' before '++'
C:\sync.com\Sync\LYM-sources\Porphyrograph-src\pg-conf.cpp(1241,55): error C4430: missing type specifier - int assumed. Note: C++ does not support default-int
C:\sync.com\Sync\LYM-sources\Porphyrograph-src\pg-conf.cpp(1241,57): error C2059: syntax error: ')'
C:\sync.com\Sync\LYM-sources\Porphyrograph-src\pg-conf.cpp(1241,59): error C2143: syntax error: missing ';' before '{'
C:\sync.com\Sync\LYM-sources\Porphyrograph-src\pg-conf.cpp(1241,59): error C2447: '{': missing function header (old-style formal list?)
C:\sync.com\Sync\LYM-sources\Porphyrograph-src\pg-conf.cpp(1331,26): error C4430: missing type specifier - int assumed. Note: C++ does not support default-int
C:\sync.com\Sync\LYM-sources\Porphyrograph-src\pg-conf.cpp(1331,7): error C2365: 'std::getline': redefinition; previous definition was 'function'
C:\sync.com\Sync\LYM-sources\Porphyrograph-src\pg-conf.cpp(1331,26): error C2513: 'std::getline': no variable declared before '='
C:\sync.com\Sync\LYM-sources\Porphyrograph-src\pg-conf.cpp(1331,15): error C2065: 'scenarioFin': undeclared identifier
C:\sync.com\Sync\LYM-sources\Porphyrograph-src\pg-conf.cpp(1332,24): error C4430: missing type specifier - int assumed. Note: C++ does not support default-int
C:\sync.com\Sync\LYM-sources\Porphyrograph-src\pg-conf.cpp(1332,2): error C2365: 'stringstreamStoreLine': redefinition; previous definition was 'function'
C:\sync.com\Sync\LYM-sources\Porphyrograph-src\pg-conf.cpp(231): message : see declaration of 'stringstreamStoreLine'
C:\sync.com\Sync\LYM-sources\Porphyrograph-src\pg-conf.cpp(1333,10): error C2143: syntax error: missing ';' before '>>'
C:\sync.com\Sync\LYM-sources\Porphyrograph-src\pg-conf.cpp(1333,10): error C4430: missing type specifier - int assumed. Note: C++ does not support default-int
C:\sync.com\Sync\LYM-sources\Porphyrograph-src\pg-conf.cpp(1333,2): error C2086: 'int sstream': redefinition
C:\sync.com\Sync\LYM-sources\Porphyrograph-src\pg-conf.cpp(1222): message : see declaration of 'sstream'
C:\sync.com\Sync\LYM-sources\Porphyrograph-src\pg-conf.cpp(1334,2): error C2059: syntax error: 'if'
C:\sync.com\Sync\LYM-sources\Porphyrograph-src\pg-conf.cpp(1334,34): error C2143: syntax error: missing ';' before '{'
C:\sync.com\Sync\LYM-sources\Porphyrograph-src\pg-conf.cpp(1334,34): error C2447: '{': missing function header (old-style formal list?)
C:\sync.com\Sync\LYM-sources\Porphyrograph-src\pg-conf.cpp(1340,19): error C4430: missing type specifier - int assumed. Note: C++ does not support default-int
C:\sync.com\Sync\LYM-sources\Porphyrograph-src\pg-conf.cpp(1342,26): error C4430: missing type specifier - int assumed. Note: C++ does not support default-int
C:\sync.com\Sync\LYM-sources\Porphyrograph-src\pg-conf.cpp(1342,7): error C2365: 'std::getline': redefinition; previous definition was 'function'
C:\sync.com\Sync\LYM-sources\Porphyrograph-src\pg-conf.cpp(1342,26): error C2513: 'std::getline': no variable declared before '='
C:\sync.com\Sync\LYM-sources\Porphyrograph-src\pg-conf.cpp(1342,15): error C2065: 'scenarioFin': undeclared identifier
C:\sync.com\Sync\LYM-sources\Porphyrograph-src\pg-conf.cpp(1343,24): error C4430: missing type specifier - int assumed. Note: C++ does not support default-int
C:\sync.com\Sync\LYM-sources\Porphyrograph-src\pg-conf.cpp(1343,2): error C2365: 'stringstreamStoreLine': redefinition; previous definition was 'function'
C:\sync.com\Sync\LYM-sources\Porphyrograph-src\pg-conf.cpp(231): message : see declaration of 'stringstreamStoreLine'
C:\sync.com\Sync\LYM-sources\Porphyrograph-src\pg-conf.cpp(1344,10): error C2143: syntax error: missing ';' before '>>'
C:\sync.com\Sync\LYM-sources\Porphyrograph-src\pg-conf.cpp(1344,10): error C4430: missing type specifier - int assumed. Note: C++ does not support default-int
C:\sync.com\Sync\LYM-sources\Porphyrograph-src\pg-conf.cpp(1344,2): error C2086: 'int sstream': redefinition
C:\sync.com\Sync\LYM-sources\Porphyrograph-src\pg-conf.cpp(1222): message : see declaration of 'sstream'
C:\sync.com\Sync\LYM-sources\Porphyrograph-src\pg-conf.cpp(1345,2): error C2059: syntax error: 'if'
C:\sync.com\Sync\LYM-sources\Porphyrograph-src\pg-conf.cpp(1345,32): error C2143: syntax error: missing ';' before '{'
C:\sync.com\Sync\LYM-sources\Porphyrograph-src\pg-conf.cpp(1345,32): error C2447: '{': missing function header (old-style formal list?)
C:\sync.com\Sync\LYM-sources\Porphyrograph-src\pg-conf.cpp(1348,10): error C2143: syntax error: missing ';' before '>>'
C:\sync.com\Sync\LYM-sources\Porphyrograph-src\pg-conf.cpp(1348,10): error C4430: missing type specifier - int assumed. Note: C++ does not support default-int
C:\sync.com\Sync\LYM-sources\Porphyrograph-src\pg-conf.cpp(1348,2): error C2086: 'int sstream': redefinition
C:\sync.com\Sync\LYM-sources\Porphyrograph-src\pg-conf.cpp(1222): message : see declaration of 'sstream'
C:\sync.com\Sync\LYM-sources\Porphyrograph-src\pg-conf.cpp(1350,2): error C2059: syntax error: 'if'
C:\sync.com\Sync\LYM-sources\Porphyrograph-src\pg-conf.cpp(1350,26): error C2143: syntax error: missing ';' before '{'
C:\sync.com\Sync\LYM-sources\Porphyrograph-src\pg-conf.cpp(1350,26): error C2447: '{': missing function header (old-style formal list?)
C:\sync.com\Sync\LYM-sources\Porphyrograph-src\pg-conf.cpp(1355,2): error C2059: syntax error: 'if'
C:\sync.com\Sync\LYM-sources\Porphyrograph-src\pg-conf.cpp(1355,26): error C2143: syntax error: missing ';' before '{'
C:\sync.com\Sync\LYM-sources\Porphyrograph-src\pg-conf.cpp(1355,26): error C2447: '{': missing function header (old-style formal list?)
C:\sync.com\Sync\LYM-sources\Porphyrograph-src\pg-conf.cpp(1369,2): error C2059: syntax error: 'else'
C:\sync.com\Sync\LYM-sources\Porphyrograph-src\pg-conf.cpp(1369,7): error C2143: syntax error: missing ';' before '{'
C:\sync.com\Sync\LYM-sources\Porphyrograph-src\pg-conf.cpp(1369,7): error C2447: '{': missing function header (old-style formal list?)
C:\sync.com\Sync\LYM-sources\Porphyrograph-src\pg-conf.cpp(1372,2): error C2059: syntax error: 'if'
C:\sync.com\Sync\LYM-sources\Porphyrograph-src\pg-conf.cpp(1372,26): error C2143: syntax error: missing ';' before '{'
C:\sync.com\Sync\LYM-sources\Porphyrograph-src\pg-conf.cpp(1372,26): error C2447: '{': missing function header (old-style formal list?)
C:\sync.com\Sync\LYM-sources\Porphyrograph-src\pg-conf.cpp(1375,2): error C2059: syntax error: 'else'
C:\sync.com\Sync\LYM-sources\Porphyrograph-src\pg-conf.cpp(1375,7): error C2143: syntax error: missing ';' before '{'
C:\sync.com\Sync\LYM-sources\Porphyrograph-src\pg-conf.cpp(1375,7): error C2447: '{': missing function header (old-style formal list?)
C:\sync.com\Sync\LYM-sources\Porphyrograph-src\pg-conf.cpp(1380,26): error C4430: missing type specifier - int assumed. Note: C++ does not support default-int
C:\sync.com\Sync\LYM-sources\Porphyrograph-src\pg-conf.cpp(1380,7): error C2365: 'std::getline': redefinition; previous definition was 'function'
C:\sync.com\Sync\LYM-sources\Porphyrograph-src\pg-conf.cpp(1380,26): error C2513: 'std::getline': no variable declared before '='
C:\sync.com\Sync\LYM-sources\Porphyrograph-src\pg-conf.cpp(1380,15): error C2065: 'scenarioFin': undeclared identifier
C:\sync.com\Sync\LYM-sources\Porphyrograph-src\pg-conf.cpp(1381,24): error C4430: missing type specifier - int assumed. Note: C++ does not support default-int
C:\sync.com\Sync\LYM-sources\Porphyrograph-src\pg-conf.cpp(1381,2): error C2365: 'stringstreamStoreLine': redefinition; previous definition was 'function'
C:\sync.com\Sync\LYM-sources\Porphyrograph-src\pg-conf.cpp(231): message : see declaration of 'stringstreamStoreLine'
C:\sync.com\Sync\LYM-sources\Porphyrograph-src\pg-conf.cpp(1382,10): error C2143: syntax error: missing ';' before '>>'
C:\sync.com\Sync\LYM-sources\Porphyrograph-src\pg-conf.cpp(1382,10): error C4430: missing type specifier - int assumed. Note: C++ does not support default-int
C:\sync.com\Sync\LYM-sources\Porphyrograph-src\pg-conf.cpp(1382,2): error C2086: 'int sstream': redefinition
C:\sync.com\Sync\LYM-sources\Porphyrograph-src\pg-conf.cpp(1222): message : see declaration of 'sstream'
C:\sync.com\Sync\LYM-sources\Porphyrograph-src\pg-conf.cpp(1383,2): error C2059: syntax error: 'if'
C:\sync.com\Sync\LYM-sources\Porphyrograph-src\pg-conf.cpp(1383,33): error C2143: syntax error: missing ';' before '{'
C:\sync.com\Sync\LYM-sources\Porphyrograph-src\pg-conf.cpp(1383,33): error C2447: '{': missing function header (old-style formal list?)
C:\sync.com\Sync\LYM-sources\Porphyrograph-src\pg-conf.cpp(1389,20): error C4430: missing type specifier - int assumed. Note: C++ does not support default-int
C:\sync.com\Sync\LYM-sources\Porphyrograph-src\pg-conf.cpp(1391,26): error C4430: missing type specifier - int assumed. Note: C++ does not support default-int
C:\sync.com\Sync\LYM-sources\Porphyrograph-src\pg-conf.cpp(1391,7): error C2365: 'std::getline': redefinition; previous definition was 'function'
C:\sync.com\Sync\LYM-sources\Porphyrograph-src\pg-conf.cpp(1391,26): error C2513: 'std::getline': no variable declared before '='
C:\sync.com\Sync\LYM-sources\Porphyrograph-src\pg-conf.cpp(1391,15): error C2065: 'scenarioFin': undeclared identifier
C:\sync.com\Sync\LYM-sources\Porphyrograph-src\pg-conf.cpp(1392,24): error C4430: missing type specifier - int assumed. Note: C++ does not support default-int
C:\sync.com\Sync\LYM-sources\Porphyrograph-src\pg-conf.cpp(1392,2): error C2365: 'stringstreamStoreLine': redefinition; previous definition was 'function'
C:\sync.com\Sync\LYM-sources\Porphyrograph-src\pg-conf.cpp(231): message : see declaration of 'stringstreamStoreLine'
C:\sync.com\Sync\LYM-sources\Porphyrograph-src\pg-conf.cpp(1393,10): error C2143: syntax error: missing ';' before '>>'
C:\sync.com\Sync\LYM-sources\Porphyrograph-src\pg-conf.cpp(1393,10): error C4430: missing type specifier - int assumed. Note: C++ does not support default-int
C:\sync.com\Sync\LYM-sources\Porphyrograph-src\pg-conf.cpp(1393,2): error C2086: 'int sstream': redefinition
C:\sync.com\Sync\LYM-sources\Porphyrograph-src\pg-conf.cpp(1222): message : see declaration of 'sstream'
C:\sync.com\Sync\LYM-sources\Porphyrograph-src\pg-conf.cpp(1394,2): error C2059: syntax error: 'if'
C:\sync.com\Sync\LYM-sources\Porphyrograph-src\pg-conf.cpp(1394,33): error C2143: syntax error: missing ';' before '{'
C:\sync.com\Sync\LYM-sources\Porphyrograph-src\pg-conf.cpp(1394,33): error C2447: '{': missing function header (old-style formal list?)
C:\sync.com\Sync\LYM-sources\Porphyrograph-src\pg-conf.cpp(1397,10): error C2143: syntax error: missing ';' before '>>'
C:\sync.com\Sync\LYM-sources\Porphyrograph-src\pg-conf.cpp(1397,10): error C4430: missing type specifier - int assumed. Note: C++ does not support default-int
C:\sync.com\Sync\LYM-sources\Porphyrograph-src\pg-conf.cpp(1397,2): error C2086: 'int sstream': redefinition
C:\sync.com\Sync\LYM-sources\Porphyrograph-src\pg-conf.cpp(1222): message : see declaration of 'sstream'
C:\sync.com\Sync\LYM-sources\Porphyrograph-src\pg-conf.cpp(1399,2): error C2059: syntax error: 'if'
C:\sync.com\Sync\LYM-sources\Porphyrograph-src\pg-conf.cpp(1399,27): error C2143: syntax error: missing ';' before '{'
C:\sync.com\Sync\LYM-sources\Porphyrograph-src\pg-conf.cpp(1399,27): error C2447: '{': missing function header (old-style formal list?)
C:\sync.com\Sync\LYM-sources\Porphyrograph-src\pg-conf.cpp(1403,2): error C2059: syntax error: 'if'
C:\sync.com\Sync\LYM-sources\Porphyrograph-src\pg-conf.cpp(1403,27): error C2143: syntax error: missing ';' before '{'
C:\sync.com\Sync\LYM-sources\Porphyrograph-src\pg-conf.cpp(1403,27): error C2447: '{': missing function header (old-style formal list?)
C:\sync.com\Sync\LYM-sources\Porphyrograph-src\pg-conf.cpp(1411,2): error C2059: syntax error: 'else'
C:\sync.com\Sync\LYM-sources\Porphyrograph-src\pg-conf.cpp(1411,7): error C2143: syntax error: missing ';' before '{'
C:\sync.com\Sync\LYM-sources\Porphyrograph-src\pg-conf.cpp(1411,7): error C2447: '{': missing function header (old-style formal list?)
C:\sync.com\Sync\LYM-sources\Porphyrograph-src\pg-conf.cpp(1415,2): error C2059: syntax error: 'if'
C:\sync.com\Sync\LYM-sources\Porphyrograph-src\pg-conf.cpp(1415,73): error C2143: syntax error: missing ';' before '{'
C:\sync.com\Sync\LYM-sources\Porphyrograph-src\pg-conf.cpp(1415,73): error C2447: '{': missing function header (old-style formal list?)
C:\sync.com\Sync\LYM-sources\Porphyrograph-src\pg-conf.cpp(1415,73): fatal error C1003: error count exceeds 100; stopping compilation
  pg-init.cpp
