d:\lym-sources\porphyrograph-vc17\release\core_effe\vc141.pdb
d:\lym-sources\porphyrograph-vc17\release\core_effe\pg-update.obj
d:\lym-sources\porphyrograph-vc17\release\core_effe\pg-udp.obj
d:\lym-sources\porphyrograph-vc17\release\core_effe\pg-texturetvw.obj
d:\lym-sources\porphyrograph-vc17\release\core_effe\pg-texture.obj
d:\lym-sources\porphyrograph-vc17\release\core_effe\pg-stroke.obj
d:\lym-sources\porphyrograph-vc17\release\core_effe\pg-shader.obj
d:\lym-sources\porphyrograph-vc17\release\core_effe\pg-script.obj
d:\lym-sources\porphyrograph-vc17\release\core_effe\pg-main.obj
d:\lym-sources\porphyrograph-vc17\release\core_effe\pg-init.obj
d:\lym-sources\porphyrograph-vc17\release\core_effe\pg-conf.obj
d:\lym-sources\porphyrograph-vc17\release\core_effe\porphyrograph_core_effe.exe
d:\lym-sources\porphyrograph-vc17\release\core_effe\porphyrograph_core_effe.pdb
d:\lym-github\lym-sources\porphyrograph-vc17\release\core_effe\pg-conf.obj
d:\lym-github\lym-sources\porphyrograph-vc17\release\core_effe\pg-init.obj
d:\lym-github\lym-sources\porphyrograph-vc17\release\core_effe\pg-main.obj
d:\lym-github\lym-sources\porphyrograph-vc17\release\core_effe\pg-script.obj
d:\lym-github\lym-sources\porphyrograph-vc17\release\core_effe\pg-shader.obj
d:\lym-github\lym-sources\porphyrograph-vc17\release\core_effe\pg-stroke.obj
d:\lym-github\lym-sources\porphyrograph-vc17\release\core_effe\pg-texture.obj
d:\lym-github\lym-sources\porphyrograph-vc17\release\core_effe\pg-texturetvw.obj
d:\lym-github\lym-sources\porphyrograph-vc17\release\core_effe\pg-udp.obj
d:\lym-github\lym-sources\porphyrograph-vc17\release\core_effe\pg-update.obj
d:\lym-github\lym-sources\porphyrograph-vc17\release\core_effe\porphyrograph_core_effe.pdb
d:\lym-github\lym-sources\porphyrograph-vc17\release\core_effe\vc141.pdb
d:\lym-github\lym-sources\porphyrograph-vc17\release\core_effe\porphyrograph_core_effe.exe
d:\lym-github\lym-sources\porphyrograph-vc17\release\core_effe\porphyro.64002afa.tlog\cl.command.1.tlog
d:\lym-github\lym-sources\porphyrograph-vc17\release\core_effe\porphyro.64002afa.tlog\cl.read.1.tlog
d:\lym-github\lym-sources\porphyrograph-vc17\release\core_effe\porphyro.64002afa.tlog\cl.write.1.tlog
d:\lym-github\lym-sources\porphyrograph-vc17\release\core_effe\porphyro.64002afa.tlog\link.command.1.tlog
d:\lym-github\lym-sources\porphyrograph-vc17\release\core_effe\porphyro.64002afa.tlog\link.read.1.tlog
d:\lym-github\lym-sources\porphyrograph-vc17\release\core_effe\porphyro.64002afa.tlog\link.write.1.tlog
