d:\cloud\porphyrograph\share\freeglut-wacom\vc17\freeglut.dir\release\fg_structure.obj
d:\cloud\porphyrograph\share\freeglut-wacom\vc17\freeglut.dir\release\fg_stroke_roman.obj
d:\cloud\porphyrograph\share\freeglut-wacom\vc17\freeglut.dir\release\fg_stroke_mono_roman.obj
d:\cloud\porphyrograph\share\freeglut-wacom\vc17\freeglut.dir\release\fg_state.obj
d:\cloud\porphyrograph\share\freeglut-wacom\vc17\freeglut.dir\release\fg_spaceball.obj
d:\cloud\porphyrograph\share\freeglut-wacom\vc17\freeglut.dir\release\fg_overlay.obj
d:\cloud\porphyrograph\share\freeglut-wacom\vc17\freeglut.dir\release\fg_misc.obj
d:\cloud\porphyrograph\share\freeglut-wacom\vc17\freeglut.dir\release\fg_main.obj
d:\cloud\porphyrograph\share\freeglut-wacom\vc17\freeglut.dir\release\fg_joystick.obj
d:\cloud\porphyrograph\share\freeglut-wacom\vc17\freeglut.dir\release\fg_input_devices.obj
d:\cloud\porphyrograph\share\freeglut-wacom\vc17\freeglut.dir\release\fg_init.obj
d:\cloud\porphyrograph\share\freeglut-wacom\vc17\freeglut.dir\release\fg_gl2.obj
d:\cloud\porphyrograph\share\freeglut-wacom\vc17\freeglut.dir\release\fg_geometry.obj
d:\cloud\porphyrograph\share\freeglut-wacom\vc17\freeglut.dir\release\fg_gamemode.obj
d:\cloud\porphyrograph\share\freeglut-wacom\vc17\freeglut.dir\release\fg_font_data.obj
d:\cloud\porphyrograph\share\freeglut-wacom\vc17\freeglut.dir\release\fg_ext.obj
d:\cloud\porphyrograph\share\freeglut-wacom\vc17\freeglut.dir\release\fg_display.obj
d:\cloud\porphyrograph\share\freeglut-wacom\vc17\freeglut.dir\release\fg_cursor.obj
d:\cloud\porphyrograph\share\freeglut-wacom\vc17\freeglut.dir\release\fg_callbacks.obj
d:\cloud\porphyrograph\share\freeglut-wacom\vc17\freeglut.dir\release\fg_wacom.obj
d:\cloud\porphyrograph\share\freeglut-wacom\vc17\freeglut.dir\release\xparsegeometry_repl.obj
d:\cloud\porphyrograph\share\freeglut-wacom\vc17\freeglut.dir\release\fg_window_mswin.obj
d:\cloud\porphyrograph\share\freeglut-wacom\vc17\freeglut.dir\release\fg_structure_mswin.obj
d:\cloud\porphyrograph\share\freeglut-wacom\vc17\freeglut.dir\release\fg_state_mswin.obj
d:\cloud\porphyrograph\share\freeglut-wacom\vc17\freeglut.dir\release\fg_spaceball_mswin.obj
d:\cloud\porphyrograph\share\freeglut-wacom\vc17\freeglut.dir\release\fg_menu_mswin.obj
d:\cloud\porphyrograph\share\freeglut-wacom\vc17\freeglut.dir\release\fg_main_mswin.obj
d:\cloud\porphyrograph\share\freeglut-wacom\vc17\freeglut.dir\release\fg_joystick_mswin.obj
d:\cloud\porphyrograph\share\freeglut-wacom\vc17\freeglut.dir\release\fg_input_devices_mswin.obj
d:\cloud\porphyrograph\share\freeglut-wacom\vc17\freeglut.dir\release\fg_init_mswin.obj
d:\cloud\porphyrograph\share\freeglut-wacom\vc17\freeglut.dir\release\fg_gamemode_mswin.obj
d:\cloud\porphyrograph\share\freeglut-wacom\vc17\freeglut.dir\release\fg_ext_mswin.obj
d:\cloud\porphyrograph\share\freeglut-wacom\vc17\freeglut.dir\release\fg_display_mswin.obj
d:\cloud\porphyrograph\share\freeglut-wacom\vc17\freeglut.dir\release\fg_cursor_mswin.obj
d:\cloud\porphyrograph\share\freeglut-wacom\vc17\freeglut.dir\release\fg_menu.obj
d:\cloud\porphyrograph\share\freeglut-wacom\vc17\freeglut.dir\release\fg_font.obj
d:\cloud\porphyrograph\share\freeglut-wacom\vc17\freeglut.dir\release\fg_window.obj
d:\cloud\porphyrograph\share\freeglut-wacom\vc17\freeglut.dir\release\fg_videoresize.obj
d:\cloud\porphyrograph\share\freeglut-wacom\vc17\freeglut.dir\release\fg_teapot.obj
d:\cloud\porphyrograph\share\freeglut-wacom\vc17\cmakefiles\generate.stamp
d:\cloud\porphyrograph\share\freeglut-wacom\vc17\lib\release\freeglut.lib
d:\cloud\porphyrograph\share\freeglut-wacom\vc17\lib\release\freeglut.exp
d:\cloud\porphyrograph\share\freeglut-wacom\vc17\bin\release\freeglut.dll
d:\cloud\porphyrograph\share\freeglut-wacom\vc17\freeglut.dir\release\freeglut.res
d:\cloud\porphyrograph\share\freeglut-wacom\vc17\freeglut.dir\release\freeglut.tlog\cl.command.1.tlog
d:\cloud\porphyrograph\share\freeglut-wacom\vc17\freeglut.dir\release\freeglut.tlog\cl.read.1.tlog
d:\cloud\porphyrograph\share\freeglut-wacom\vc17\freeglut.dir\release\freeglut.tlog\cl.write.1.tlog
d:\cloud\porphyrograph\share\freeglut-wacom\vc17\freeglut.dir\release\freeglut.tlog\custombuild.command.1.tlog
d:\cloud\porphyrograph\share\freeglut-wacom\vc17\freeglut.dir\release\freeglut.tlog\custombuild.read.1.tlog
d:\cloud\porphyrograph\share\freeglut-wacom\vc17\freeglut.dir\release\freeglut.tlog\custombuild.write.1.tlog
d:\cloud\porphyrograph\share\freeglut-wacom\vc17\freeglut.dir\release\freeglut.tlog\freeglut.write.1u.tlog
d:\cloud\porphyrograph\share\freeglut-wacom\vc17\freeglut.dir\release\freeglut.tlog\link.command.1.tlog
d:\cloud\porphyrograph\share\freeglut-wacom\vc17\freeglut.dir\release\freeglut.tlog\link.read.1.tlog
d:\cloud\porphyrograph\share\freeglut-wacom\vc17\freeglut.dir\release\freeglut.tlog\link.write.1.tlog
d:\cloud\porphyrograph\share\freeglut-wacom\vc17\freeglut.dir\release\freeglut.tlog\rc.command.1.tlog
d:\cloud\porphyrograph\share\freeglut-wacom\vc17\freeglut.dir\release\freeglut.tlog\rc.read.1.tlog
d:\cloud\porphyrograph\share\freeglut-wacom\vc17\freeglut.dir\release\freeglut.tlog\rc.write.1.tlog
