d:\lym-sources\porphyrograph-vc17\release\core_tvw\vc141.pdb
d:\lym-sources\porphyrograph-vc17\release\core_tvw\pg-udp.obj
d:\lym-sources\porphyrograph-vc17\release\core_tvw\pg-texturetvw.obj
d:\lym-sources\porphyrograph-vc17\release\core_tvw\pg-texture.obj
d:\lym-sources\porphyrograph-vc17\release\core_tvw\pg-stroke.obj
d:\lym-sources\porphyrograph-vc17\release\core_tvw\pg-shader.obj
d:\lym-sources\porphyrograph-vc17\release\core_tvw\pg-main.obj
d:\lym-sources\porphyrograph-vc17\release\core_tvw\pg-init.obj
d:\lym-sources\porphyrograph-vc17\release\core_tvw\pg-conf.obj
d:\lym-sources\porphyrograph-vc17\release\core_tvw\pg-script.obj
d:\lym-sources\porphyrograph-vc17\release\core_tvw\pg-update.obj
d:\lym-sources\porphyrograph-vc17\release\core_tvw\porphyrograph_core_tvw.exe
d:\lym-sources\porphyrograph-vc17\release\core_tvw\porphyrograph_core_tvw.pdb
d:\lym-github\lym-sources\porphyrograph-vc17\release\core_tvw\pg-conf.obj
d:\lym-github\lym-sources\porphyrograph-vc17\release\core_tvw\pg-init.obj
d:\lym-github\lym-sources\porphyrograph-vc17\release\core_tvw\pg-main.obj
d:\lym-github\lym-sources\porphyrograph-vc17\release\core_tvw\pg-script.obj
d:\lym-github\lym-sources\porphyrograph-vc17\release\core_tvw\pg-shader.obj
d:\lym-github\lym-sources\porphyrograph-vc17\release\core_tvw\pg-stroke.obj
d:\lym-github\lym-sources\porphyrograph-vc17\release\core_tvw\pg-texture.obj
d:\lym-github\lym-sources\porphyrograph-vc17\release\core_tvw\pg-texturetvw.obj
d:\lym-github\lym-sources\porphyrograph-vc17\release\core_tvw\pg-udp.obj
d:\lym-github\lym-sources\porphyrograph-vc17\release\core_tvw\pg-update.obj
d:\lym-github\lym-sources\porphyrograph-vc17\release\core_tvw\porphyrograph_core_tvw.pdb
d:\lym-github\lym-sources\porphyrograph-vc17\release\core_tvw\vc141.pdb
d:\lym-github\lym-sources\porphyrograph-vc17\release\core_tvw\porphyrograph_core_tvw.exe
d:\lym-github\lym-sources\porphyrograph-vc17\release\core_tvw\porphyro.37bed819.tlog\cl.command.1.tlog
d:\lym-github\lym-sources\porphyrograph-vc17\release\core_tvw\porphyro.37bed819.tlog\cl.read.1.tlog
d:\lym-github\lym-sources\porphyrograph-vc17\release\core_tvw\porphyro.37bed819.tlog\cl.write.1.tlog
d:\lym-github\lym-sources\porphyrograph-vc17\release\core_tvw\porphyro.37bed819.tlog\link.command.1.tlog
d:\lym-github\lym-sources\porphyrograph-vc17\release\core_tvw\porphyro.37bed819.tlog\link.read.1.tlog
d:\lym-github\lym-sources\porphyrograph-vc17\release\core_tvw\porphyro.37bed819.tlog\link.write.1.tlog
