d:\lym-sources\porphyrograph-vc17\release\alkemi\vc141.pdb
d:\lym-sources\porphyrograph-vc17\release\alkemi\pg-udp.obj
d:\lym-sources\porphyrograph-vc17\release\alkemi\pg-stroke.obj
d:\lym-sources\porphyrograph-vc17\release\alkemi\pg-shader.obj
d:\lym-sources\porphyrograph-vc17\release\alkemi\pg-script.obj
d:\lym-sources\porphyrograph-vc17\release\alkemi\pg-main.obj
d:\lym-sources\porphyrograph-vc17\release\alkemi\pg-draw.obj
d:\lym-sources\porphyrograph-vc17\release\alkemi\pg-conf.obj
d:\lym-sources\porphyrograph-vc17\release\alkemi\porphyrograph_alkemi.exe
d:\lym-sources\porphyrograph-vc17\release\alkemi\porphyrograph_alkemi.pdb
d:\lym-github\lym-sources\porphyrograph-vc17\release\alkemi\pg-conf.obj
d:\lym-github\lym-sources\porphyrograph-vc17\release\alkemi\pg-draw.obj
d:\lym-github\lym-sources\porphyrograph-vc17\release\alkemi\pg-main.obj
d:\lym-github\lym-sources\porphyrograph-vc17\release\alkemi\pg-script.obj
d:\lym-github\lym-sources\porphyrograph-vc17\release\alkemi\pg-shader.obj
d:\lym-github\lym-sources\porphyrograph-vc17\release\alkemi\pg-stroke.obj
d:\lym-github\lym-sources\porphyrograph-vc17\release\alkemi\pg-udp.obj
d:\lym-github\lym-sources\porphyrograph-vc17\release\alkemi\porphyrograph_alkemi.pdb
d:\lym-github\lym-sources\porphyrograph-vc17\release\alkemi\vc141.pdb
d:\lym-github\lym-sources\porphyrograph-vc17\release\alkemi\porphyrograph_alkemi.exe
d:\lym-github\lym-sources\porphyrograph-vc17\release\alkemi\porphyro.e515c4b3.tlog\cl.command.1.tlog
d:\lym-github\lym-sources\porphyrograph-vc17\release\alkemi\porphyro.e515c4b3.tlog\cl.read.1.tlog
d:\lym-github\lym-sources\porphyrograph-vc17\release\alkemi\porphyro.e515c4b3.tlog\cl.write.1.tlog
d:\lym-github\lym-sources\porphyrograph-vc17\release\alkemi\porphyro.e515c4b3.tlog\link.command.1.tlog
d:\lym-github\lym-sources\porphyrograph-vc17\release\alkemi\porphyro.e515c4b3.tlog\link.read.1.tlog
d:\lym-github\lym-sources\porphyrograph-vc17\release\alkemi\porphyro.e515c4b3.tlog\link.write.1.tlog
