  pg-conf.cpp
C:\sync.com\Sync\LYM-sources\Porphyrograph-src\pg-all_include.h(137,10): fatal error C1083: Cannot open include file: 'glm.hpp': No such file or directory
  pg-init.cpp
C:\sync.com\Sync\LYM-sources\Porphyrograph-src\pg-all_include.h(137,10): fatal error C1083: Cannot open include file: 'glm.hpp': No such file or directory
  pg-main.cpp
C:\sync.com\Sync\LYM-sources\Porphyrograph-src\pg-all_include.h(137,10): fatal error C1083: Cannot open include file: 'glm.hpp': No such file or directory
  pg-script.cpp
C:\sync.com\Sync\LYM-sources\Porphyrograph-src\pg-all_include.h(137,10): fatal error C1083: Cannot open include file: 'glm.hpp': No such file or directory
  pg-shader.cpp
C:\sync.com\Sync\LYM-sources\Porphyrograph-src\pg-all_include.h(137,10): fatal error C1083: Cannot open include file: 'glm.hpp': No such file or directory
  pg-stroke.cpp
C:\sync.com\Sync\LYM-sources\Porphyrograph-src\pg-all_include.h(137,10): fatal error C1083: Cannot open include file: 'glm.hpp': No such file or directory
  pg-svg-clip-art.cpp
C:\sync.com\Sync\LYM-sources\Porphyrograph-src\pg-all_include.h(137,10): fatal error C1083: Cannot open include file: 'glm.hpp': No such file or directory
  pg-texture.cpp
C:\sync.com\Sync\LYM-sources\Porphyrograph-src\pg-all_include.h(137,10): fatal error C1083: Cannot open include file: 'glm.hpp': No such file or directory
  pg-udp.cpp
C:\sync.com\Sync\LYM-sources\Porphyrograph-src\pg-all_include.h(137,10): fatal error C1083: Cannot open include file: 'glm.hpp': No such file or directory
  pg-update.cpp
C:\sync.com\Sync\LYM-sources\Porphyrograph-src\pg-all_include.h(137,10): fatal error C1083: Cannot open include file: 'glm.hpp': No such file or directory
  Generating Code...
