c:\sync.com\sync\lym-sources\porphyrograph-vc17\release\core_kompartsd\vc142.pdb
d:\sync.com\sync\lym-sources\porphyrograph-vc17\release\core_kompartsd\porphyrograph_core_kompartsd.exe
d:\sync.com\sync\lym-sources\porphyrograph-vc17\release\core_kompartsd\porphyrograph_core_kompartsd.pdb
c:\sync.com\sync\lym-sources\porphyrograph-vc17\release\core_kompartsd\pg-conf.obj
c:\sync.com\sync\lym-sources\porphyrograph-vc17\release\core_kompartsd\pg-init.obj
c:\sync.com\sync\lym-sources\porphyrograph-vc17\release\core_kompartsd\pg-main.obj
c:\sync.com\sync\lym-sources\porphyrograph-vc17\release\core_kompartsd\pg-script.obj
c:\sync.com\sync\lym-sources\porphyrograph-vc17\release\core_kompartsd\pg-shader.obj
c:\sync.com\sync\lym-sources\porphyrograph-vc17\release\core_kompartsd\pg-stroke.obj
c:\sync.com\sync\lym-sources\porphyrograph-vc17\release\core_kompartsd\pg-svg-clip-art.obj
c:\sync.com\sync\lym-sources\porphyrograph-vc17\release\core_kompartsd\pg-texture.obj
c:\sync.com\sync\lym-sources\porphyrograph-vc17\release\core_kompartsd\pg-udp.obj
c:\sync.com\sync\lym-sources\porphyrograph-vc17\release\core_kompartsd\pg-update.obj
c:\sync.com\sync\lym-sources\porphyrograph-vc17\release\core_kompartsd\porphyrograph_core_kompartsd.pdb
c:\sync.com\sync\lym-sources\porphyrograph-vc17\release\core_kompartsd\vc141.pdb
c:\sync.com\sync\lym-sources\porphyrograph-vc17\release\core_kompartsd\porphyrograph_core_kompartsd.exe
c:\sync.com\sync\lym-sources\porphyrograph-vc17\release\core_kompartsd\porphyro.6aa70c22.tlog\cl.command.1.tlog
c:\sync.com\sync\lym-sources\porphyrograph-vc17\release\core_kompartsd\porphyro.6aa70c22.tlog\cl.read.1.tlog
c:\sync.com\sync\lym-sources\porphyrograph-vc17\release\core_kompartsd\porphyro.6aa70c22.tlog\cl.write.1.tlog
c:\sync.com\sync\lym-sources\porphyrograph-vc17\release\core_kompartsd\porphyro.6aa70c22.tlog\link.command.1.tlog
c:\sync.com\sync\lym-sources\porphyrograph-vc17\release\core_kompartsd\porphyro.6aa70c22.tlog\link.read.1.tlog
c:\sync.com\sync\lym-sources\porphyrograph-vc17\release\core_kompartsd\porphyro.6aa70c22.tlog\link.write.1.tlog
