C:\USERS\HERACLES\DESKTOP\MAISONSENSIBLESAFRAN\PORPHYROGRAPH-VC12\RELEASE\PG-UDP.OBJ
C:\USERS\HERACLES\DESKTOP\MAISONSENSIBLESAFRAN\PORPHYROGRAPH-VC12\RELEASE\PG-STROKE.OBJ
C:\USERS\HERACLES\DESKTOP\MAISONSENSIBLESAFRAN\PORPHYROGRAPH-VC12\RELEASE\PG-SHADER.OBJ
C:\USERS\HERACLES\DESKTOP\MAISONSENSIBLESAFRAN\PORPHYROGRAPH-VC12\RELEASE\PG-SCRIPT.OBJ
C:\USERS\HERACLES\DESKTOP\MAISONSENSIBLESAFRAN\PORPHYROGRAPH-VC12\RELEASE\PG-MESH.OBJ
C:\USERS\HERACLES\DESKTOP\MAISONSENSIBLESAFRAN\PORPHYROGRAPH-VC12\RELEASE\PG-MAIN.OBJ
C:\USERS\HERACLES\DESKTOP\MAISONSENSIBLESAFRAN\PORPHYROGRAPH-VC12\RELEASE\PG-DRAW.OBJ
C:\USERS\HERACLES\DESKTOP\MAISONSENSIBLESAFRAN\PORPHYROGRAPH-VC12\RELEASE\PG-CONF.OBJ
C:\USERS\HERACLES\DESKTOP\MAISONSENSIBLESAFRAN\PORPHYROGRAPH-VC12\RELEASE\VC110.PDB
C:\Users\Heracles\Desktop\MaisonSensibleSafran\Porphyrograph-VC12\Release\pg-conf.obj
C:\Users\Heracles\Desktop\MaisonSensibleSafran\Porphyrograph-VC12\Release\pg-draw.obj
C:\Users\Heracles\Desktop\MaisonSensibleSafran\Porphyrograph-VC12\Release\pg-main.obj
C:\Users\Heracles\Desktop\MaisonSensibleSafran\Porphyrograph-VC12\Release\pg-mesh.obj
C:\Users\Heracles\Desktop\MaisonSensibleSafran\Porphyrograph-VC12\Release\pg-script.obj
C:\Users\Heracles\Desktop\MaisonSensibleSafran\Porphyrograph-VC12\Release\pg-shader.obj
C:\Users\Heracles\Desktop\MaisonSensibleSafran\Porphyrograph-VC12\Release\pg-stroke.obj
C:\Users\Heracles\Desktop\MaisonSensibleSafran\Porphyrograph-VC12\Release\pg-udp.obj
C:\Users\Heracles\Desktop\MaisonSensibleSafran\Porphyrograph-VC12\Release\cl.command.1.tlog
C:\Users\Heracles\Desktop\MaisonSensibleSafran\Porphyrograph-VC12\Release\CL.read.1.tlog
C:\Users\Heracles\Desktop\MaisonSensibleSafran\Porphyrograph-VC12\Release\CL.write.1.tlog
C:\Users\Heracles\Desktop\MaisonSensibleSafran\Porphyrograph-VC12\Release\link-cvtres.read.1.tlog
C:\Users\Heracles\Desktop\MaisonSensibleSafran\Porphyrograph-VC12\Release\link-cvtres.write.1.tlog
C:\Users\Heracles\Desktop\MaisonSensibleSafran\Porphyrograph-VC12\Release\link-rc.read.1.tlog
C:\Users\Heracles\Desktop\MaisonSensibleSafran\Porphyrograph-VC12\Release\link-rc.write.1.tlog
C:\Users\Heracles\Desktop\MaisonSensibleSafran\Porphyrograph-VC12\Release\link.command.1.tlog
C:\Users\Heracles\Desktop\MaisonSensibleSafran\Porphyrograph-VC12\Release\link.read.1.tlog
C:\Users\Heracles\Desktop\MaisonSensibleSafran\Porphyrograph-VC12\Release\link.write.1.tlog
C:\Users\Heracles\Desktop\MaisonSensibleSafran\Porphyrograph-VC12\Release\vc110.pdb
C:\Users\Heracles\Desktop\MaisonSensibleSafran\bin\Porphyrograph_maisSens.pdb
C:\Users\Heracles\Desktop\MaisonSensibleSafran\bin\Porphyrograph_maisSens.exe
