c:\sync.com\sync\lym-sources\porphyrograph-vc17\release\core_core\vc143.pdb
c:\sync.com\sync\lym-sources\porphyrograph-vc17\release\core_core\pg-update.obj
c:\sync.com\sync\lym-sources\porphyrograph-vc17\release\core_core\pg-conf.obj
c:\sync.com\sync\lym-sources\porphyrograph-vc17\release\core_core\pg-init.obj
c:\sync.com\sync\lym-sources\porphyrograph-vc17\release\core_core\porphyrograph_core_core.exe
c:\sync.com\sync\lym-sources\porphyrograph-vc17\release\core_core\porphyrograph_core_core.pdb
c:\sync.com\sync\lym-sources\porphyrograph-vc17\release\core_core\pg-audio.obj
c:\sync.com\sync\lym-sources\porphyrograph-vc17\release\core_core\pg-light.obj
c:\sync.com\sync\lym-sources\porphyrograph-vc17\release\core_core\pg-main.obj
c:\sync.com\sync\lym-sources\porphyrograph-vc17\release\core_core\pg-mesh.obj
c:\sync.com\sync\lym-sources\porphyrograph-vc17\release\core_core\pg-script.obj
c:\sync.com\sync\lym-sources\porphyrograph-vc17\release\core_core\pg-shader.obj
c:\sync.com\sync\lym-sources\porphyrograph-vc17\release\core_core\pg-stroke.obj
c:\sync.com\sync\lym-sources\porphyrograph-vc17\release\core_core\pg-svg-clip-art.obj
c:\sync.com\sync\lym-sources\porphyrograph-vc17\release\core_core\pg-texture.obj
c:\sync.com\sync\lym-sources\porphyrograph-vc17\release\core_core\pg-udp.obj
c:\sync.com\sync\lym-sources\porphyrograph-vc17\release\core_core\porphyro.6c8ec3a3.tlog\cl.command.1.tlog
c:\sync.com\sync\lym-sources\porphyrograph-vc17\release\core_core\porphyro.6c8ec3a3.tlog\cl.read.1.tlog
c:\sync.com\sync\lym-sources\porphyrograph-vc17\release\core_core\porphyro.6c8ec3a3.tlog\cl.write.1.tlog
c:\sync.com\sync\lym-sources\porphyrograph-vc17\release\core_core\porphyro.6c8ec3a3.tlog\link.command.1.tlog
c:\sync.com\sync\lym-sources\porphyrograph-vc17\release\core_core\porphyro.6c8ec3a3.tlog\link.read.1.tlog
c:\sync.com\sync\lym-sources\porphyrograph-vc17\release\core_core\porphyro.6c8ec3a3.tlog\link.write.1.tlog
