d:\lym-sources\porphyrograph-vc17\release\sound\vc141.pdb
d:\lym-sources\porphyrograph-vc17\release\sound\pg-utils.obj
d:\lym-sources\porphyrograph-vc17\release\sound\pg-udp.obj
d:\lym-sources\porphyrograph-vc17\release\sound\pg-terrains-vagues.obj
d:\lym-sources\porphyrograph-vc17\release\sound\pg-sample.obj
d:\lym-sources\porphyrograph-vc17\release\sound\pg-main.obj
d:\lym-sources\porphyrograph-vc17\release\sound\pg-fx.obj
d:\lym-sources\porphyrograph-vc17\release\sound\pg-conf.obj
d:\lym-sources\porphyrograph-vc17\release\sound\pg-audio-io.obj
d:\lym-sources\porphyrograph-vc17\release\sound\mdadelay.obj
d:\lym-sources\porphyrograph-vc17\release\sound\porphyrograph_sound.exe
d:\lym-sources\porphyrograph-vc17\release\sound\porphyrograph_sound.pdb
d:\lym-github\lym-sources\porphyrograph-vc17\release\sound\mdadelay.obj
d:\lym-github\lym-sources\porphyrograph-vc17\release\sound\pg-audio-io.obj
d:\lym-github\lym-sources\porphyrograph-vc17\release\sound\pg-conf.obj
d:\lym-github\lym-sources\porphyrograph-vc17\release\sound\pg-fx.obj
d:\lym-github\lym-sources\porphyrograph-vc17\release\sound\pg-main.obj
d:\lym-github\lym-sources\porphyrograph-vc17\release\sound\pg-sample.obj
d:\lym-github\lym-sources\porphyrograph-vc17\release\sound\pg-terrains-vagues.obj
d:\lym-github\lym-sources\porphyrograph-vc17\release\sound\pg-udp.obj
d:\lym-github\lym-sources\porphyrograph-vc17\release\sound\pg-utils.obj
d:\lym-github\lym-sources\porphyrograph-vc17\release\sound\porphyrograph_sound.pdb
d:\lym-github\lym-sources\porphyrograph-vc17\release\sound\vc141.pdb
d:\lym-github\lym-sources\porphyrograph-vc17\release\sound\porphyrograph_sound.exe
d:\lym-github\lym-sources\porphyrograph-vc17\release\sound\porphyro.a1ccf75f.tlog\cl.command.1.tlog
d:\lym-github\lym-sources\porphyrograph-vc17\release\sound\porphyro.a1ccf75f.tlog\cl.read.1.tlog
d:\lym-github\lym-sources\porphyrograph-vc17\release\sound\porphyro.a1ccf75f.tlog\cl.write.1.tlog
d:\lym-github\lym-sources\porphyrograph-vc17\release\sound\porphyro.a1ccf75f.tlog\link.command.1.tlog
d:\lym-github\lym-sources\porphyrograph-vc17\release\sound\porphyro.a1ccf75f.tlog\link.read.1.tlog
d:\lym-github\lym-sources\porphyrograph-vc17\release\sound\porphyro.a1ccf75f.tlog\link.write.1.tlog
