Build started 29/02/2016 01:29:39.
     1>Project "G:\home-win\Porphyrograph\Porphyrograph-VC10\Porphyrograph_maisSens.vcxproj" on node 2 (build target(s)).
     1>InitializeBuildStatus:
         Creating "G:\home-win\LYM\MaisonSensible\obj\Porphyrograph_maisSens.unsuccessfulbuild" because "AlwaysCreate" was specified.
       ClCompile:
         C:\Program Files\Microsoft Visual Studio 10.0\VC\bin\CL.exe /c /I"G:\Program Files\opencv\build\include" /I"G:\Program Files\glew-1.10.0-win32\glew-1.10.0\include" /I"G:\Program Files\glfw-3.0.4\include" /I"G:\Program Files\glm\glm" /ZI /nologo /W0 /WX- /Od /Oy- /D WIN32 /D _DEBUG /D _WINDOWS /D _VISUAL_STUDIO /D _WIN32 /D VC_HAVE_CG /D VC_HAVE_FFMPEG /D _CRT_SECURE_NO_WARNINGS /D _UNICODE /D UNICODE /Gm /EHsc /RTC1 /MDd /GS /fp:precise /Zc:wchar_t /Zc:forScope /Fo"G:\home-win\LYM\MaisonSensible\obj\\" /Fd"G:\home-win\LYM\MaisonSensible\obj\vc100.pdb" /Gd /TP /analyze- /errorReport:prompt "..\..\LYM\MaisonSensible\Porphyrograph-maisSens-src\pg-draw.cpp"
         pg-draw.cpp
       ManifestResourceCompile:
         All outputs are up-to-date.
       Link:
         C:\Program Files\Microsoft Visual Studio 10.0\VC\bin\link.exe /ERRORREPORT:PROMPT /OUT:"G:\home-win\LYM\MaisonSensible\bin\Porphyrograph_maisSens.exe" /INCREMENTAL /NOLOGO /LIBPATH:"G:\home-win\Porphyrograph\freeglut-wacom\lib\x86" /LIBPATH:"G:\Program Files\glew-1.10.0\lib\Release\Win32" /LIBPATH:"G:\Program Files\opencv\build\x86\vc10\lib" opengl32.lib vfw32.lib ws2_32.lib freeglut.lib glew32.lib opencv_core249d.lib opencv_imgproc249d.lib opencv_highgui249d.lib opencv_calib3d249d.lib kernel32.lib user32.lib gdi32.lib winspool.lib comdlg32.lib advapi32.lib shell32.lib ole32.lib oleaut32.lib uuid.lib odbc32.lib odbccp32.lib /MANIFEST /ManifestFile:"G:\home-win\LYM\MaisonSensible\obj\Porphyrograph_maisSens.exe.intermediate.manifest" /MANIFESTUAC:"level='asInvoker' uiAccess='false'" /DEBUG /PDB:"G:\home-win\LYM\MaisonSensible\bin\Porphyrograph_maisSens.pdb" /SUBSYSTEM:CONSOLE /TLBID:1 /DYNAMICBASE /NXCOMPAT /IMPLIB:"G:\home-win\LYM\MaisonSensible\bin\Porphyrograph_maisSens.lib" /MACHINE:X86 "G:\home-win\LYM\MaisonSensible\obj\Porphyrograph_maisSens.exe.embed.manifest.res"
         "G:\home-win\LYM\MaisonSensible\obj\pg-conf.obj"
         "G:\home-win\LYM\MaisonSensible\obj\pg-draw.obj"
         "G:\home-win\LYM\MaisonSensible\obj\pg-main.obj"
         "G:\home-win\LYM\MaisonSensible\obj\pg-mesh.obj"
         "G:\home-win\LYM\MaisonSensible\obj\pg-script.obj"
         "G:\home-win\LYM\MaisonSensible\obj\pg-shader.obj"
         "G:\home-win\LYM\MaisonSensible\obj\pg-stroke.obj"
         "G:\home-win\LYM\MaisonSensible\obj\pg-udp.obj"
       Manifest:
         C:\Program Files\Microsoft SDKs\Windows\v7.0A\bin\mt.exe /nologo /verbose /out:"G:\home-win\LYM\MaisonSensible\obj\Porphyrograph_maisSens.exe.embed.manifest" /manifest "G:\home-win\LYM\MaisonSensible\obj\Porphyrograph_maisSens.exe.intermediate.manifest"
         All outputs are up-to-date.
       LinkEmbedManifest:
         All outputs are up-to-date.
         Porphyrograph_maisSens.vcxproj -> G:\home-win\LYM\MaisonSensible\bin\Porphyrograph_maisSens.exe
       FinalizeBuildStatus:
         Deleting file "G:\home-win\LYM\MaisonSensible\obj\Porphyrograph_maisSens.unsuccessfulbuild".
         Touching "G:\home-win\LYM\MaisonSensible\obj\Porphyrograph_maisSens.lastbuildstate".
     1>Done Building Project "G:\home-win\Porphyrograph\Porphyrograph-VC10\Porphyrograph_maisSens.vcxproj" (build target(s)).

Build succeeded.

Time Elapsed 00:00:02.85
