d:\sync.com\sync\lym-sources\porphyrograph-vc17\release\dm_citywalk\vc141.pdb
d:\sync.com\sync\lym-sources\porphyrograph-vc17\release\dm_citywalk\dm-video.obj
d:\sync.com\sync\lym-sources\porphyrograph-vc17\release\dm_citywalk\dm-variables.obj
d:\sync.com\sync\lym-sources\porphyrograph-vc17\release\dm_citywalk\dm-udp.obj
d:\sync.com\sync\lym-sources\porphyrograph-vc17\release\dm_citywalk\dm-texture.obj
d:\sync.com\sync\lym-sources\porphyrograph-vc17\release\dm_citywalk\dm-stroke.obj
d:\sync.com\sync\lym-sources\porphyrograph-vc17\release\dm_citywalk\dm-strings.obj
d:\sync.com\sync\lym-sources\porphyrograph-vc17\release\dm_citywalk\dm-shader.obj
d:\sync.com\sync\lym-sources\porphyrograph-vc17\release\dm_citywalk\dm-script.obj
d:\sync.com\sync\lym-sources\porphyrograph-vc17\release\dm_citywalk\dm-scene.obj
d:\sync.com\sync\lym-sources\porphyrograph-vc17\release\dm_citywalk\dm-non-geom-objects.obj
d:\sync.com\sync\lym-sources\porphyrograph-vc17\release\dm_citywalk\dm-material.obj
d:\sync.com\sync\lym-sources\porphyrograph-vc17\release\dm_citywalk\dm-main.obj
d:\sync.com\sync\lym-sources\porphyrograph-vc17\release\dm_citywalk\dm-lib.obj
d:\sync.com\sync\lym-sources\porphyrograph-vc17\release\dm_citywalk\dm-interpolator.obj
d:\sync.com\sync\lym-sources\porphyrograph-vc17\release\dm_citywalk\dm-geom-objects.obj
d:\sync.com\sync\lym-sources\porphyrograph-vc17\release\dm_citywalk\dm-draw.obj
d:\sync.com\sync\lym-sources\porphyrograph-vc17\release\dm_citywalk\dm-conf.obj
d:\sync.com\sync\lym-sources\porphyrograph-vc17\release\dm_citywalk\dm-composition.obj
d:\sync.com\sync\lym-sources\porphyrograph-vc17\release\dm_citywalk\dm-iofile.obj
d:\sync.com\sync\lym-sources\porphyrograph-vc17\release\dm_citywalk\porphyrograph_dm_citywalk.pdb
d:\sync.com\sync\lym-sources\porphyrograph-vc17\release\dm_citywalk\porphyro.3b9576b8.tlog\cl.command.1.tlog
d:\sync.com\sync\lym-sources\porphyrograph-vc17\release\dm_citywalk\porphyro.3b9576b8.tlog\cl.read.1.tlog
d:\sync.com\sync\lym-sources\porphyrograph-vc17\release\dm_citywalk\porphyro.3b9576b8.tlog\cl.write.1.tlog
d:\sync.com\sync\lym-sources\porphyrograph-vc17\release\dm_citywalk\porphyro.3b9576b8.tlog\link.command.1.tlog
d:\sync.com\sync\lym-sources\porphyrograph-vc17\release\dm_citywalk\porphyro.3b9576b8.tlog\link.read.1.tlog
d:\sync.com\sync\lym-sources\porphyrograph-vc17\release\dm_citywalk\porphyro.3b9576b8.tlog\link.write.1.tlog
