c:\sync.com\sync\lym-sources\porphyrograph-vc17\release\core_tempete\vc142.pdb
c:\sync.com\sync\lym-sources\porphyrograph-vc17\release\core_tempete\pg-shader.obj
c:\sync.com\sync\lym-sources\porphyrograph-vc17\release\core_tempete\pg-main.obj
c:\sync.com\sync\lym-sources\porphyrograph-vc17\release\core_tempete\pg-update.obj
c:\sync.com\sync\lym-sources\porphyrograph-vc17\release\core_tempete\pg-mesh.obj
c:\sync.com\sync\lym-sources\porphyrograph-vc17\release\core_tempete\pg-udp.obj
c:\sync.com\sync\lym-sources\porphyrograph-vc17\release\core_tempete\pg-texture.obj
c:\sync.com\sync\lym-sources\porphyrograph-vc17\release\core_tempete\pg-svg-clip-art.obj
c:\sync.com\sync\lym-sources\porphyrograph-vc17\release\core_tempete\pg-stroke.obj
c:\sync.com\sync\lym-sources\porphyrograph-vc17\release\core_tempete\pg-script.obj
c:\sync.com\sync\lym-sources\porphyrograph-vc17\release\core_tempete\pg-init.obj
c:\sync.com\sync\lym-sources\porphyrograph-vc17\release\core_tempete\pg-conf.obj
c:\sync.com\sync\lym-sources\porphyrograph-vc17\release\core_tempete\porphyrograph_core_tempete.exe
c:\sync.com\sync\lym-sources\porphyrograph-vc17\release\core_tempete\porphyrograph_core_tempete.pdb
c:\sync.com\sync\lym-sources\porphyrograph-vc17\release\core_tempete\porphyro.dc85237c.tlog\cl.command.1.tlog
c:\sync.com\sync\lym-sources\porphyrograph-vc17\release\core_tempete\porphyro.dc85237c.tlog\cl.read.1.tlog
c:\sync.com\sync\lym-sources\porphyrograph-vc17\release\core_tempete\porphyro.dc85237c.tlog\cl.write.1.tlog
c:\sync.com\sync\lym-sources\porphyrograph-vc17\release\core_tempete\porphyro.dc85237c.tlog\link.command.1.tlog
c:\sync.com\sync\lym-sources\porphyrograph-vc17\release\core_tempete\porphyro.dc85237c.tlog\link.read.1.tlog
c:\sync.com\sync\lym-sources\porphyrograph-vc17\release\core_tempete\porphyro.dc85237c.tlog\link.write.1.tlog
