C:\Program Files (x86)\Microsoft Visual Studio\2019\Community\MSBuild\Microsoft\VC\v160\Microsoft.CppBuild.targets(491,5): warning MSB8028: The intermediate directory (Release\core_Biches\) contains files shared from another project (Porphyrograph_core_AteliersEnfants.vcxproj).  This can lead to incorrect clean and rebuild behavior.
  pg-conf.cpp
  pg-init.cpp
  pg-main.cpp
  pg-script.cpp
C:\sync.com\Sync\LYM-sources\Porphyrograph-src\pg-script.cpp(3914,26): error C2065: 'flashParticleInit_freq': undeclared identifier
C:\sync.com\Sync\LYM-sources\Porphyrograph-src\pg-script.cpp(4343,7): error C2065: 'flashPhotoChangeBeat': undeclared identifier
C:\sync.com\Sync\LYM-sources\Porphyrograph-src\pg-script.cpp(4343,66): error C2065: 'flashPhotoChangeBeat': undeclared identifier
  pg-shader.cpp
  pg-stroke.cpp
C:\sync.com\Sync\LYM-sources\Porphyrograph-src\pg-stroke.cpp(1186,7): error C2065: 'path_replay_loop': undeclared identifier
C:\sync.com\Sync\LYM-sources\Porphyrograph-src\pg-stroke.cpp(1186,31): warning C4805: '==': unsafe mix of type 'unknown-type' and type 'bool' in operation
  pg-svg-clip-art.cpp
  pg-texture.cpp
  pg-udp.cpp
  pg-update.cpp
C:\sync.com\Sync\LYM-sources\Porphyrograph-src\pg-update.cpp(2187,6): error C2065: 'part_image_acceleration': undeclared identifier
C:\sync.com\Sync\LYM-sources\Porphyrograph-src\pg-update.cpp(2188,6): error C2065: 'part_image_acceleration': undeclared identifier
C:\sync.com\Sync\LYM-sources\Porphyrograph-src\pg-update.cpp(2189,64): error C2065: 'part_image_acceleration': undeclared identifier
C:\sync.com\Sync\LYM-sources\Porphyrograph-src\pg-update.cpp(2189,88): error C2660: 'glBindTexture': function does not take 1 arguments
C:\sync.com\Sync\LYM-sources\share\glew-1.11.0\include\GL\glew.h(849,23): message : see declaration of 'glBindTexture'
  Generating Code...
