d:\sync.com\sync\lym-sources\porphyrograph-vc17\release\core_biches\vc141.pdb
d:\sync.com\sync\lym-sources\porphyrograph-vc17\release\core_biches\pg-update.obj
d:\sync.com\sync\lym-sources\porphyrograph-vc17\release\core_biches\pg-udp.obj
d:\sync.com\sync\lym-sources\porphyrograph-vc17\release\core_biches\pg-texture.obj
d:\sync.com\sync\lym-sources\porphyrograph-vc17\release\core_biches\pg-svg-clip-art.obj
d:\sync.com\sync\lym-sources\porphyrograph-vc17\release\core_biches\pg-stroke.obj
d:\sync.com\sync\lym-sources\porphyrograph-vc17\release\core_biches\pg-shader.obj
d:\sync.com\sync\lym-sources\porphyrograph-vc17\release\core_biches\pg-script.obj
d:\sync.com\sync\lym-sources\porphyrograph-vc17\release\core_biches\pg-main.obj
d:\sync.com\sync\lym-sources\porphyrograph-vc17\release\core_biches\pg-init.obj
d:\sync.com\sync\lym-sources\porphyrograph-vc17\release\core_biches\pg-conf.obj
c:\sync.com\sync\lym-sources\porphyrograph-vc17\release\core_biches\vc142.pdb
d:\sync.com\sync\lym-sources\porphyrograph-vc17\release\core_biches\porphyrograph_core_biches.exe
d:\sync.com\sync\lym-sources\porphyrograph-vc17\release\core_biches\porphyrograph_core_biches.pdb
c:\sync.com\sync\lym-sources\porphyrograph-vc17\release\core_biches\pg-conf.obj
c:\sync.com\sync\lym-sources\porphyrograph-vc17\release\core_biches\pg-init.obj
c:\sync.com\sync\lym-sources\porphyrograph-vc17\release\core_biches\pg-main.obj
c:\sync.com\sync\lym-sources\porphyrograph-vc17\release\core_biches\pg-script.obj
c:\sync.com\sync\lym-sources\porphyrograph-vc17\release\core_biches\pg-shader.obj
c:\sync.com\sync\lym-sources\porphyrograph-vc17\release\core_biches\pg-stroke.obj
c:\sync.com\sync\lym-sources\porphyrograph-vc17\release\core_biches\pg-svg-clip-art.obj
c:\sync.com\sync\lym-sources\porphyrograph-vc17\release\core_biches\pg-texture.obj
c:\sync.com\sync\lym-sources\porphyrograph-vc17\release\core_biches\pg-udp.obj
c:\sync.com\sync\lym-sources\porphyrograph-vc17\release\core_biches\pg-update.obj
c:\sync.com\sync\lym-sources\porphyrograph-vc17\release\core_biches\porphyrograph_core_biches.pdb
c:\sync.com\sync\lym-sources\porphyrograph-vc17\release\core_biches\vc141.pdb
c:\sync.com\sync\lym-sources\porphyrograph-vc17\release\core_biches\porphyrograph_core_biches.exe
c:\sync.com\sync\lym-sources\porphyrograph-vc17\release\core_biches\porphyro.00e87cc2.tlog\cl.command.1.tlog
c:\sync.com\sync\lym-sources\porphyrograph-vc17\release\core_biches\porphyro.00e87cc2.tlog\cl.read.1.tlog
c:\sync.com\sync\lym-sources\porphyrograph-vc17\release\core_biches\porphyro.00e87cc2.tlog\cl.write.1.tlog
c:\sync.com\sync\lym-sources\porphyrograph-vc17\release\core_biches\porphyro.00e87cc2.tlog\link.command.1.tlog
c:\sync.com\sync\lym-sources\porphyrograph-vc17\release\core_biches\porphyro.00e87cc2.tlog\link.read.1.tlog
c:\sync.com\sync\lym-sources\porphyrograph-vc17\release\core_biches\porphyro.00e87cc2.tlog\link.write.1.tlog
