d:\cloud\porphyrograph\porphyrograph-vc17\release\maisonsensible\vc141.pdb
d:\cloud\porphyrograph\porphyrograph-vc17\release\maisonsensible\pg-udp.obj
d:\cloud\porphyrograph\porphyrograph-vc17\release\maisonsensible\pg-stroke.obj
d:\cloud\porphyrograph\porphyrograph-vc17\release\maisonsensible\pg-shader.obj
d:\cloud\porphyrograph\porphyrograph-vc17\release\maisonsensible\pg-script.obj
d:\cloud\porphyrograph\porphyrograph-vc17\release\maisonsensible\pg-mesh.obj
d:\cloud\porphyrograph\porphyrograph-vc17\release\maisonsensible\pg-main.obj
d:\cloud\porphyrograph\porphyrograph-vc17\release\maisonsensible\pg-draw.obj
d:\cloud\porphyrograph\porphyrograph-vc17\release\maisonsensible\pg-conf.obj
d:\cloud\porphyrograph\porphyrograph-vc17\release\maisonsensible\porphyrograph_maissens.exe
d:\cloud\porphyrograph\porphyrograph-vc17\release\maisonsensible\porphyrograph_maissens.pdb
d:\lym-github\lym-sources\porphyrograph-vc17\release\maisonsensible\pg-conf.obj
d:\lym-github\lym-sources\porphyrograph-vc17\release\maisonsensible\pg-draw.obj
d:\lym-github\lym-sources\porphyrograph-vc17\release\maisonsensible\pg-main.obj
d:\lym-github\lym-sources\porphyrograph-vc17\release\maisonsensible\pg-mesh.obj
d:\lym-github\lym-sources\porphyrograph-vc17\release\maisonsensible\pg-script.obj
d:\lym-github\lym-sources\porphyrograph-vc17\release\maisonsensible\pg-shader.obj
d:\lym-github\lym-sources\porphyrograph-vc17\release\maisonsensible\pg-stroke.obj
d:\lym-github\lym-sources\porphyrograph-vc17\release\maisonsensible\pg-udp.obj
d:\lym-github\lym-sources\porphyrograph-vc17\release\maisonsensible\porphyrograph_maissens.pdb
d:\lym-github\lym-sources\porphyrograph-vc17\release\maisonsensible\vc141.pdb
d:\lym-github\lym-sources\porphyrograph-vc17\release\maisonsensible\porphyrograph_maissens.exe
d:\lym-github\lym-sources\porphyrograph-vc17\release\maisonsensible\porphyro.55b59a95.tlog\cl.command.1.tlog
d:\lym-github\lym-sources\porphyrograph-vc17\release\maisonsensible\porphyro.55b59a95.tlog\cl.read.1.tlog
d:\lym-github\lym-sources\porphyrograph-vc17\release\maisonsensible\porphyro.55b59a95.tlog\cl.write.1.tlog
d:\lym-github\lym-sources\porphyrograph-vc17\release\maisonsensible\porphyro.55b59a95.tlog\link.command.1.tlog
d:\lym-github\lym-sources\porphyrograph-vc17\release\maisonsensible\porphyro.55b59a95.tlog\link.read.1.tlog
d:\lym-github\lym-sources\porphyrograph-vc17\release\maisonsensible\porphyro.55b59a95.tlog\link.write.1.tlog
