d:\cloud\porphyrograph\share\freeglut-wacom\vc15\freeglut_wacom_static.dir\debug\freeglut_wacom_static.pdb
d:\cloud\porphyrograph\share\freeglut-wacom\vc15\freeglut_wacom_static.dir\debug\fg_structure.obj
d:\cloud\porphyrograph\share\freeglut-wacom\vc15\freeglut_wacom_static.dir\debug\fg_stroke_roman.obj
d:\cloud\porphyrograph\share\freeglut-wacom\vc15\freeglut_wacom_static.dir\debug\fg_stroke_mono_roman.obj
d:\cloud\porphyrograph\share\freeglut-wacom\vc15\freeglut_wacom_static.dir\debug\fg_state.obj
d:\cloud\porphyrograph\share\freeglut-wacom\vc15\freeglut_wacom_static.dir\debug\fg_spaceball.obj
d:\cloud\porphyrograph\share\freeglut-wacom\vc15\freeglut_wacom_static.dir\debug\fg_overlay.obj
d:\cloud\porphyrograph\share\freeglut-wacom\vc15\freeglut_wacom_static.dir\debug\fg_misc.obj
d:\cloud\porphyrograph\share\freeglut-wacom\vc15\freeglut_wacom_static.dir\debug\fg_main.obj
d:\cloud\porphyrograph\share\freeglut-wacom\vc15\freeglut_wacom_static.dir\debug\fg_joystick.obj
d:\cloud\porphyrograph\share\freeglut-wacom\vc15\freeglut_wacom_static.dir\debug\fg_input_devices.obj
d:\cloud\porphyrograph\share\freeglut-wacom\vc15\freeglut_wacom_static.dir\debug\fg_init.obj
d:\cloud\porphyrograph\share\freeglut-wacom\vc15\freeglut_wacom_static.dir\debug\fg_gl2.obj
d:\cloud\porphyrograph\share\freeglut-wacom\vc15\freeglut_wacom_static.dir\debug\fg_geometry.obj
d:\cloud\porphyrograph\share\freeglut-wacom\vc15\freeglut_wacom_static.dir\debug\fg_gamemode.obj
d:\cloud\porphyrograph\share\freeglut-wacom\vc15\freeglut_wacom_static.dir\debug\fg_font_data.obj
d:\cloud\porphyrograph\share\freeglut-wacom\vc15\freeglut_wacom_static.dir\debug\fg_ext.obj
d:\cloud\porphyrograph\share\freeglut-wacom\vc15\freeglut_wacom_static.dir\debug\fg_display.obj
d:\cloud\porphyrograph\share\freeglut-wacom\vc15\freeglut_wacom_static.dir\debug\fg_cursor.obj
d:\cloud\porphyrograph\share\freeglut-wacom\vc15\freeglut_wacom_static.dir\debug\fg_callbacks.obj
d:\cloud\porphyrograph\share\freeglut-wacom\vc15\freeglut_wacom_static.dir\debug\fg_wacom.obj
d:\cloud\porphyrograph\share\freeglut-wacom\vc15\freeglut_wacom_static.dir\debug\xparsegeometry_repl.obj
d:\cloud\porphyrograph\share\freeglut-wacom\vc15\freeglut_wacom_static.dir\debug\fg_window_mswin.obj
d:\cloud\porphyrograph\share\freeglut-wacom\vc15\freeglut_wacom_static.dir\debug\fg_structure_mswin.obj
d:\cloud\porphyrograph\share\freeglut-wacom\vc15\freeglut_wacom_static.dir\debug\fg_state_mswin.obj
d:\cloud\porphyrograph\share\freeglut-wacom\vc15\freeglut_wacom_static.dir\debug\fg_spaceball_mswin.obj
d:\cloud\porphyrograph\share\freeglut-wacom\vc15\freeglut_wacom_static.dir\debug\fg_menu_mswin.obj
d:\cloud\porphyrograph\share\freeglut-wacom\vc15\freeglut_wacom_static.dir\debug\fg_main_mswin.obj
d:\cloud\porphyrograph\share\freeglut-wacom\vc15\freeglut_wacom_static.dir\debug\fg_joystick_mswin.obj
d:\cloud\porphyrograph\share\freeglut-wacom\vc15\freeglut_wacom_static.dir\debug\fg_input_devices_mswin.obj
d:\cloud\porphyrograph\share\freeglut-wacom\vc15\freeglut_wacom_static.dir\debug\fg_init_mswin.obj
d:\cloud\porphyrograph\share\freeglut-wacom\vc15\freeglut_wacom_static.dir\debug\fg_gamemode_mswin.obj
d:\cloud\porphyrograph\share\freeglut-wacom\vc15\freeglut_wacom_static.dir\debug\fg_ext_mswin.obj
d:\cloud\porphyrograph\share\freeglut-wacom\vc15\freeglut_wacom_static.dir\debug\fg_display_mswin.obj
d:\cloud\porphyrograph\share\freeglut-wacom\vc15\freeglut_wacom_static.dir\debug\fg_cursor_mswin.obj
d:\cloud\porphyrograph\share\freeglut-wacom\vc15\freeglut_wacom_static.dir\debug\fg_menu.obj
d:\cloud\porphyrograph\share\freeglut-wacom\vc15\freeglut_wacom_static.dir\debug\fg_font.obj
d:\cloud\porphyrograph\share\freeglut-wacom\vc15\freeglut_wacom_static.dir\debug\fg_window.obj
d:\cloud\porphyrograph\share\freeglut-wacom\vc15\freeglut_wacom_static.dir\debug\fg_videoresize.obj
d:\cloud\porphyrograph\share\freeglut-wacom\vc15\freeglut_wacom_static.dir\debug\fg_teapot.obj
d:\cloud\porphyrograph\share\freeglut-wacom\vc15\cmakefiles\generate.stamp
d:\cloud\porphyrograph\share\freeglut-wacom\vc15\lib\debug\freeglut_wacom_staticd.lib
d:\cloud\porphyrograph\share\freeglut-wacom\vc15\freeglut_wacom_static.dir\debug\freeglut.res
d:\cloud\porphyrograph\share\freeglut-wacom\vc15\freeglut_wacom_static.dir\debug\freeglut.f514e22f.tlog\cl.command.1.tlog
d:\cloud\porphyrograph\share\freeglut-wacom\vc15\freeglut_wacom_static.dir\debug\freeglut.f514e22f.tlog\cl.read.1.tlog
d:\cloud\porphyrograph\share\freeglut-wacom\vc15\freeglut_wacom_static.dir\debug\freeglut.f514e22f.tlog\cl.write.1.tlog
d:\cloud\porphyrograph\share\freeglut-wacom\vc15\freeglut_wacom_static.dir\debug\freeglut.f514e22f.tlog\custombuild.command.1.tlog
d:\cloud\porphyrograph\share\freeglut-wacom\vc15\freeglut_wacom_static.dir\debug\freeglut.f514e22f.tlog\custombuild.read.1.tlog
d:\cloud\porphyrograph\share\freeglut-wacom\vc15\freeglut_wacom_static.dir\debug\freeglut.f514e22f.tlog\custombuild.write.1.tlog
d:\cloud\porphyrograph\share\freeglut-wacom\vc15\freeglut_wacom_static.dir\debug\freeglut.f514e22f.tlog\lib-link-cvtres.read.1.tlog
d:\cloud\porphyrograph\share\freeglut-wacom\vc15\freeglut_wacom_static.dir\debug\freeglut.f514e22f.tlog\lib-link-cvtres.write.1.tlog
d:\cloud\porphyrograph\share\freeglut-wacom\vc15\freeglut_wacom_static.dir\debug\freeglut.f514e22f.tlog\lib.command.1.tlog
d:\cloud\porphyrograph\share\freeglut-wacom\vc15\freeglut_wacom_static.dir\debug\freeglut.f514e22f.tlog\rc.command.1.tlog
d:\cloud\porphyrograph\share\freeglut-wacom\vc15\freeglut_wacom_static.dir\debug\freeglut.f514e22f.tlog\rc.read.1.tlog
d:\cloud\porphyrograph\share\freeglut-wacom\vc15\freeglut_wacom_static.dir\debug\freeglut.f514e22f.tlog\rc.write.1.tlog
