  pg-conf.cpp
  pg-init.cpp
  pg-light.cpp
  pg-main.cpp
C:\sync.com\Sync\LYM-sources\Porphyrograph-src\pg-main.cpp(860,6): error C2065: 'screen_drawing_no': undeclared identifier
C:\sync.com\Sync\LYM-sources\Porphyrograph-src\pg-main.cpp(863,11): error C2065: 'screen_drawing_no': undeclared identifier
  pg-script.cpp
C:\sync.com\Sync\LYM-sources\Porphyrograph-src\pg-script.cpp(1881,77): error C2065: '_MIDIwithBeat': undeclared identifier
C:\sync.com\Sync\LYM-sources\Porphyrograph-src\pg-script.cpp(1881,22): warning C4473: 'sprintf' : not enough arguments passed for format string
C:\sync.com\Sync\LYM-sources\Porphyrograph-src\pg-script.cpp(1881,22): message : placeholders and their parameters expect 1 variadic arguments, but 0 were provided
C:\sync.com\Sync\LYM-sources\Porphyrograph-src\pg-script.cpp(1881,22): message : the missing variadic argument 1 is required by format string '%d'
C:\sync.com\Sync\LYM-sources\Porphyrograph-src\pg-script.cpp(1889,79): error C2065: '_MIDIwithColor': undeclared identifier
C:\sync.com\Sync\LYM-sources\Porphyrograph-src\pg-script.cpp(1889,22): warning C4473: 'sprintf' : not enough arguments passed for format string
C:\sync.com\Sync\LYM-sources\Porphyrograph-src\pg-script.cpp(1889,22): message : placeholders and their parameters expect 1 variadic arguments, but 0 were provided
C:\sync.com\Sync\LYM-sources\Porphyrograph-src\pg-script.cpp(1889,22): message : the missing variadic argument 1 is required by format string '%d'
C:\sync.com\Sync\LYM-sources\Porphyrograph-src\pg-script.cpp(1897,79): error C2065: '_MIDIwithBrush': undeclared identifier
C:\sync.com\Sync\LYM-sources\Porphyrograph-src\pg-script.cpp(1897,22): warning C4473: 'sprintf' : not enough arguments passed for format string
C:\sync.com\Sync\LYM-sources\Porphyrograph-src\pg-script.cpp(1897,22): message : placeholders and their parameters expect 1 variadic arguments, but 0 were provided
C:\sync.com\Sync\LYM-sources\Porphyrograph-src\pg-script.cpp(1897,22): message : the missing variadic argument 1 is required by format string '%d'
C:\sync.com\Sync\LYM-sources\Porphyrograph-src\pg-script.cpp(1915,84): error C2065: '_MIDIwithPhotoFlash': undeclared identifier
C:\sync.com\Sync\LYM-sources\Porphyrograph-src\pg-script.cpp(1915,22): warning C4473: 'sprintf' : not enough arguments passed for format string
C:\sync.com\Sync\LYM-sources\Porphyrograph-src\pg-script.cpp(1915,22): message : placeholders and their parameters expect 1 variadic arguments, but 0 were provided
C:\sync.com\Sync\LYM-sources\Porphyrograph-src\pg-script.cpp(1915,22): message : the missing variadic argument 1 is required by format string '%d'
C:\sync.com\Sync\LYM-sources\Porphyrograph-src\pg-script.cpp(4420,26): error C2065: 'flashParticleInit_freq': undeclared identifier
C:\sync.com\Sync\LYM-sources\Porphyrograph-src\pg-script.cpp(5536,7): error C2065: 'MIDIwithBrush': undeclared identifier
C:\sync.com\Sync\LYM-sources\Porphyrograph-src\pg-script.cpp(5543,7): error C2065: 'MIDIwithColor': undeclared identifier
C:\sync.com\Sync\LYM-sources\Porphyrograph-src\pg-script.cpp(5579,7): error C2065: 'MIDIwithBeat': undeclared identifier
C:\sync.com\Sync\LYM-sources\Porphyrograph-src\pg-script.cpp(5927,3): error C2065: 'master_scale': undeclared identifier
C:\sync.com\Sync\LYM-sources\Porphyrograph-src\pg-script.cpp(5928,33): error C2065: '_master_scale': undeclared identifier
C:\sync.com\Sync\LYM-sources\Porphyrograph-src\pg-script.cpp(5928,51): error C2065: 'master_scale': undeclared identifier
C:\sync.com\Sync\LYM-sources\Porphyrograph-src\pg-script.cpp(5929,3): error C2065: 'master_offsetX': undeclared identifier
C:\sync.com\Sync\LYM-sources\Porphyrograph-src\pg-script.cpp(5930,33): error C2065: '_master_offsetX': undeclared identifier
C:\sync.com\Sync\LYM-sources\Porphyrograph-src\pg-script.cpp(5930,53): error C2065: 'master_offsetX': undeclared identifier
C:\sync.com\Sync\LYM-sources\Porphyrograph-src\pg-script.cpp(5931,3): error C2065: 'master_offsetY': undeclared identifier
C:\sync.com\Sync\LYM-sources\Porphyrograph-src\pg-script.cpp(5932,33): error C2065: '_master_offsetY': undeclared identifier
C:\sync.com\Sync\LYM-sources\Porphyrograph-src\pg-script.cpp(5932,53): error C2065: 'master_offsetY': undeclared identifier
C:\sync.com\Sync\LYM-sources\Porphyrograph-src\pg-script.cpp(5933,3): error C2065: 'photo_threshold': undeclared identifier
C:\sync.com\Sync\LYM-sources\Porphyrograph-src\pg-script.cpp(5934,33): error C2065: '_photo_threshold': undeclared identifier
C:\sync.com\Sync\LYM-sources\Porphyrograph-src\pg-script.cpp(5934,54): error C2065: 'photo_threshold': undeclared identifier
C:\sync.com\Sync\LYM-sources\Porphyrograph-src\pg-script.cpp(5935,3): error C2065: 'photo_gamma': undeclared identifier
C:\sync.com\Sync\LYM-sources\Porphyrograph-src\pg-script.cpp(5936,33): error C2065: '_photo_gamma': undeclared identifier
C:\sync.com\Sync\LYM-sources\Porphyrograph-src\pg-script.cpp(5936,50): error C2065: 'photo_gamma': undeclared identifier
C:\sync.com\Sync\LYM-sources\Porphyrograph-src\pg-script.cpp(6236,3): error C2065: 'pen_brush_replay': undeclared identifier
C:\sync.com\Sync\LYM-sources\Porphyrograph-src\pg-script.cpp(6237,31): error C2065: '_pen_brush_replay': undeclared identifier
C:\sync.com\Sync\LYM-sources\Porphyrograph-src\pg-script.cpp(6237,53): error C2065: 'pen_brush_replay': undeclared identifier
C:\sync.com\Sync\LYM-sources\Porphyrograph-src\pg-script.cpp(6240,3): error C2065: 'pen_brush_replay': undeclared identifier
C:\sync.com\Sync\LYM-sources\Porphyrograph-src\pg-script.cpp(6241,31): error C2065: '_pen_brush_replay': undeclared identifier
C:\sync.com\Sync\LYM-sources\Porphyrograph-src\pg-script.cpp(6241,53): error C2065: 'pen_brush_replay': undeclared identifier
  pg-shader.cpp
  pg-stroke.cpp
C:\sync.com\Sync\LYM-sources\Porphyrograph-src\pg-stroke.cpp(1161,7): error C2065: 'path_replay_loop': undeclared identifier
C:\sync.com\Sync\LYM-sources\Porphyrograph-src\pg-stroke.cpp(1161,27): warning C4805: '==': unsafe mix of type 'unknown-type' and type 'bool' in operation
C:\sync.com\Sync\LYM-sources\Porphyrograph-src\pg-stroke.cpp(1285,6): error C2065: 'pen_saturation_replay': undeclared identifier
C:\sync.com\Sync\LYM-sources\Porphyrograph-src\pg-stroke.cpp(1285,36): error C2065: 'pen_saturation_replay_pulse': undeclared identifier
C:\sync.com\Sync\LYM-sources\Porphyrograph-src\pg-stroke.cpp(1286,6): error C2065: 'pen_hue_replay': undeclared identifier
C:\sync.com\Sync\LYM-sources\Porphyrograph-src\pg-stroke.cpp(1286,29): error C2065: 'pen_hue_replay_pulse': undeclared identifier
C:\sync.com\Sync\LYM-sources\Porphyrograph-src\pg-stroke.cpp(1287,6): error C2065: 'pen_value_replay': undeclared identifier
C:\sync.com\Sync\LYM-sources\Porphyrograph-src\pg-stroke.cpp(1287,31): error C2065: 'pen_value_replay_pulse': undeclared identifier
C:\sync.com\Sync\LYM-sources\Porphyrograph-src\pg-stroke.cpp(1301,8): error C2065: 'pen_saturation_replay': undeclared identifier
C:\sync.com\Sync\LYM-sources\Porphyrograph-src\pg-stroke.cpp(1302,29): error C2065: 'pen_saturation_replay_pulse': undeclared identifier
C:\sync.com\Sync\LYM-sources\Porphyrograph-src\pg-stroke.cpp(1303,8): error C2065: 'pen_value_replay': undeclared identifier
C:\sync.com\Sync\LYM-sources\Porphyrograph-src\pg-stroke.cpp(1304,29): error C2065: 'pen_value_replay_pulse': undeclared identifier
C:\sync.com\Sync\LYM-sources\Porphyrograph-src\pg-stroke.cpp(1305,8): error C2065: 'pen_hue_replay': undeclared identifier
C:\sync.com\Sync\LYM-sources\Porphyrograph-src\pg-stroke.cpp(1306,29): error C2065: 'pen_hue_replay_pulse': undeclared identifier
C:\sync.com\Sync\LYM-sources\Porphyrograph-src\pg-stroke.cpp(1331,64): error C2065: 'pen_brush_replay': undeclared identifier
  pg-svg-clip-art.cpp
  pg-texture.cpp
  pg-udp.cpp
  pg-update.cpp
C:\sync.com\Sync\LYM-sources\Porphyrograph-src\pg-update.cpp(1404,4): error C2065: 'master_scale': undeclared identifier
C:\sync.com\Sync\LYM-sources\Porphyrograph-src\pg-update.cpp(1404,67): error C2065: '_master_scale': undeclared identifier
C:\sync.com\Sync\LYM-sources\Porphyrograph-src\pg-update.cpp(1405,34): error C2065: '_master_scale': undeclared identifier
C:\sync.com\Sync\LYM-sources\Porphyrograph-src\pg-update.cpp(1405,52): error C2065: 'master_scale': undeclared identifier
C:\sync.com\Sync\LYM-sources\Porphyrograph-src\pg-update.cpp(1406,4): error C2065: 'master_offsetX': undeclared identifier
C:\sync.com\Sync\LYM-sources\Porphyrograph-src\pg-update.cpp(1406,69): error C2065: '_master_offsetX': undeclared identifier
C:\sync.com\Sync\LYM-sources\Porphyrograph-src\pg-update.cpp(1407,34): error C2065: '_master_offsetX': undeclared identifier
C:\sync.com\Sync\LYM-sources\Porphyrograph-src\pg-update.cpp(1407,54): error C2065: 'master_offsetX': undeclared identifier
C:\sync.com\Sync\LYM-sources\Porphyrograph-src\pg-update.cpp(1408,4): error C2065: 'master_offsetY': undeclared identifier
C:\sync.com\Sync\LYM-sources\Porphyrograph-src\pg-update.cpp(1408,69): error C2065: '_master_offsetY': undeclared identifier
C:\sync.com\Sync\LYM-sources\Porphyrograph-src\pg-update.cpp(1409,34): error C2065: '_master_offsetY': undeclared identifier
C:\sync.com\Sync\LYM-sources\Porphyrograph-src\pg-update.cpp(1409,54): error C2065: 'master_offsetY': undeclared identifier
C:\sync.com\Sync\LYM-sources\Porphyrograph-src\pg-update.cpp(1410,4): error C2065: 'photo_threshold': undeclared identifier
C:\sync.com\Sync\LYM-sources\Porphyrograph-src\pg-update.cpp(1410,70): error C2065: '_photo_threshold': undeclared identifier
C:\sync.com\Sync\LYM-sources\Porphyrograph-src\pg-update.cpp(1411,34): error C2065: '_photo_threshold': undeclared identifier
C:\sync.com\Sync\LYM-sources\Porphyrograph-src\pg-update.cpp(1411,55): error C2065: 'photo_threshold': undeclared identifier
C:\sync.com\Sync\LYM-sources\Porphyrograph-src\pg-update.cpp(1412,4): error C2065: 'photo_gamma': undeclared identifier
C:\sync.com\Sync\LYM-sources\Porphyrograph-src\pg-update.cpp(1412,66): error C2065: '_photo_gamma': undeclared identifier
C:\sync.com\Sync\LYM-sources\Porphyrograph-src\pg-update.cpp(1413,34): error C2065: '_photo_gamma': undeclared identifier
C:\sync.com\Sync\LYM-sources\Porphyrograph-src\pg-update.cpp(1413,51): error C2065: 'photo_gamma': undeclared identifier
C:\sync.com\Sync\LYM-sources\Porphyrograph-src\pg-update.cpp(2633,6): error C2065: 'part_image_acceleration': undeclared identifier
C:\sync.com\Sync\LYM-sources\Porphyrograph-src\pg-update.cpp(2634,65): error C2059: syntax error: ')'
C:\sync.com\Sync\LYM-sources\Porphyrograph-src\pg-update.cpp(2634,67): error C2143: syntax error: missing ';' before '{'
C:\sync.com\Sync\LYM-sources\Porphyrograph-src\pg-update.cpp(2635,64): error C2065: 'part_image_acceleration': undeclared identifier
C:\sync.com\Sync\LYM-sources\Porphyrograph-src\pg-update.cpp(2635,88): error C2059: syntax error: ')'
C:\sync.com\Sync\LYM-sources\Porphyrograph-src\pg-update.cpp(2637,2): error C2143: syntax error: missing ';' before '}'
C:\sync.com\Sync\LYM-sources\Porphyrograph-src\pg-update.cpp(2643,147): error C2059: syntax error: ')'
C:\sync.com\Sync\LYM-sources\Porphyrograph-src\pg-update.cpp(2648,192): error C2059: syntax error: ')'
C:\sync.com\Sync\LYM-sources\Porphyrograph-src\pg-update.cpp(2652,190): error C2059: syntax error: ')'
C:\sync.com\Sync\LYM-sources\Porphyrograph-src\pg-update.cpp(2656,201): error C2059: syntax error: ')'
C:\sync.com\Sync\LYM-sources\Porphyrograph-src\pg-update.cpp(2689,149): error C2059: syntax error: ')'
C:\sync.com\Sync\LYM-sources\Porphyrograph-src\pg-update.cpp(2694,149): error C2059: syntax error: ')'
C:\sync.com\Sync\LYM-sources\Porphyrograph-src\pg-update.cpp(2700,149): error C2059: syntax error: ')'
C:\sync.com\Sync\LYM-sources\Porphyrograph-src\pg-update.cpp(2712,60): error C2059: syntax error: ')'
C:\sync.com\Sync\LYM-sources\Porphyrograph-src\pg-update.cpp(2719,2): error C2059: syntax error: ')'
C:\sync.com\Sync\LYM-sources\Porphyrograph-src\pg-update.cpp(2722,1): error C2143: syntax error: missing ';' before '}'
C:\sync.com\Sync\LYM-sources\Porphyrograph-src\pg-update.cpp(2728,26): error C2143: syntax error: missing ';' before '{'
C:\sync.com\Sync\LYM-sources\Porphyrograph-src\pg-update.cpp(2731,97): error C2059: syntax error: ')'
C:\sync.com\Sync\LYM-sources\Porphyrograph-src\pg-update.cpp(2734,33): error C2059: syntax error: ')'
C:\sync.com\Sync\LYM-sources\Porphyrograph-src\pg-update.cpp(2741,82): error C2059: syntax error: ')'
C:\sync.com\Sync\LYM-sources\Porphyrograph-src\pg-update.cpp(2742,79): error C2059: syntax error: ')'
C:\sync.com\Sync\LYM-sources\Porphyrograph-src\pg-update.cpp(2743,81): error C2059: syntax error: ')'
C:\sync.com\Sync\LYM-sources\Porphyrograph-src\pg-update.cpp(2838,67): error C2059: syntax error: ')'
C:\sync.com\Sync\LYM-sources\Porphyrograph-src\pg-update.cpp(2839,67): error C2059: syntax error: ')'
C:\sync.com\Sync\LYM-sources\Porphyrograph-src\pg-update.cpp(2844,147): error C2059: syntax error: ')'
C:\sync.com\Sync\LYM-sources\Porphyrograph-src\pg-update.cpp(2855,151): error C2059: syntax error: ')'
C:\sync.com\Sync\LYM-sources\Porphyrograph-src\pg-update.cpp(2858,61): error C2059: syntax error: ')'
C:\sync.com\Sync\LYM-sources\Porphyrograph-src\pg-update.cpp(2859,61): error C2059: syntax error: ')'
C:\sync.com\Sync\LYM-sources\Porphyrograph-src\pg-update.cpp(2866,67): error C2059: syntax error: ')'
C:\sync.com\Sync\LYM-sources\Porphyrograph-src\pg-update.cpp(2867,67): error C2059: syntax error: ')'
C:\sync.com\Sync\LYM-sources\Porphyrograph-src\pg-update.cpp(2916,52): error C2947: expecting '>' to terminate template-argument-list, found '>='
C:\sync.com\Sync\LYM-sources\Porphyrograph-src\pg-update.cpp(2916): error C2062: type 'unknown-type' unexpected
C:\sync.com\Sync\LYM-sources\Porphyrograph-src\pg-update.cpp(2918,74): error C2059: syntax error: ')'
C:\sync.com\Sync\LYM-sources\Porphyrograph-src\pg-update.cpp(2918,76): error C2143: syntax error: missing ';' before '{'
C:\sync.com\Sync\LYM-sources\Porphyrograph-src\pg-update.cpp(2919,109): error C2059: syntax error: ')'
C:\sync.com\Sync\LYM-sources\Porphyrograph-src\pg-update.cpp(2923,2): error C2143: syntax error: missing ';' before '}'
C:\sync.com\Sync\LYM-sources\Porphyrograph-src\pg-update.cpp(2924,7): error C2143: syntax error: missing ';' before '{'
C:\sync.com\Sync\LYM-sources\Porphyrograph-src\pg-update.cpp(2929,2): error C2143: syntax error: missing ';' before '}'
C:\sync.com\Sync\LYM-sources\Porphyrograph-src\pg-update.cpp(2944,52): error C2947: expecting '>' to terminate template-argument-list, found '>='
C:\sync.com\Sync\LYM-sources\Porphyrograph-src\pg-update.cpp(2946,74): error C2059: syntax error: ')'
C:\sync.com\Sync\LYM-sources\Porphyrograph-src\pg-update.cpp(2946,76): error C2143: syntax error: missing ';' before '{'
C:\sync.com\Sync\LYM-sources\Porphyrograph-src\pg-update.cpp(2947,109): error C2059: syntax error: ')'
C:\sync.com\Sync\LYM-sources\Porphyrograph-src\pg-update.cpp(2951,2): error C2143: syntax error: missing ';' before '}'
C:\sync.com\Sync\LYM-sources\Porphyrograph-src\pg-update.cpp(2952,7): error C2143: syntax error: missing ';' before '{'
C:\sync.com\Sync\LYM-sources\Porphyrograph-src\pg-update.cpp(2957,2): error C2143: syntax error: missing ';' before '}'
C:\sync.com\Sync\LYM-sources\Porphyrograph-src\pg-update.cpp(3075,149): error C2059: syntax error: ')'
C:\sync.com\Sync\LYM-sources\Porphyrograph-src\pg-update.cpp(3080,149): error C2059: syntax error: ')'
C:\sync.com\Sync\LYM-sources\Porphyrograph-src\pg-update.cpp(3086,149): error C2059: syntax error: ')'
C:\sync.com\Sync\LYM-sources\Porphyrograph-src\pg-update.cpp(3118,60): error C2059: syntax error: ')'
C:\sync.com\Sync\LYM-sources\Porphyrograph-src\pg-update.cpp(3125,2): error C2059: syntax error: ')'
C:\sync.com\Sync\LYM-sources\Porphyrograph-src\pg-update.cpp(3128,1): error C2143: syntax error: missing ';' before '}'
C:\sync.com\Sync\LYM-sources\Porphyrograph-src\pg-update.cpp(3134,43): error C2143: syntax error: missing ';' before '{'
C:\sync.com\Sync\LYM-sources\Porphyrograph-src\pg-update.cpp(3139,17): error C2947: expecting '>' to terminate template-argument-list, found '>'
C:\sync.com\Sync\LYM-sources\Porphyrograph-src\pg-update.cpp(3139,22): error C2143: syntax error: missing ';' before '{'
  Generating Code...
