c:\sync.com\sync\lym-sources\porphyrograph-vc17\release\core_araknit\vc142.pdb
c:\sync.com\sync\lym-sources\porphyrograph-vc17\release\core_araknit\pg-update.obj
c:\sync.com\sync\lym-sources\porphyrograph-vc17\release\core_araknit\pg-texture.obj
c:\sync.com\sync\lym-sources\porphyrograph-vc17\release\core_araknit\pg-svg-clip-art.obj
c:\sync.com\sync\lym-sources\porphyrograph-vc17\release\core_araknit\pg-stroke.obj
c:\sync.com\sync\lym-sources\porphyrograph-vc17\release\core_araknit\pg-main.obj
c:\sync.com\sync\lym-sources\porphyrograph-vc17\release\core_araknit\pg-udp.obj
c:\sync.com\sync\lym-sources\porphyrograph-vc17\release\core_araknit\pg-shader.obj
c:\sync.com\sync\lym-sources\porphyrograph-vc17\release\core_araknit\pg-script.obj
c:\sync.com\sync\lym-sources\porphyrograph-vc17\release\core_araknit\pg-init.obj
c:\sync.com\sync\lym-sources\porphyrograph-vc17\release\core_araknit\pg-conf.obj
c:\sync.com\sync\lym-sources\porphyrograph-vc17\release\core_araknit\pg-light.obj
c:\sync.com\sync\lym-sources\porphyrograph-vc17\release\core_araknit\porphyrograph_core_araknit.exe
c:\sync.com\sync\lym-sources\porphyrograph-vc17\release\core_araknit\porphyrograph_core_araknit.pdb
c:\sync.com\sync\lym-sources\porphyrograph-vc17\release\core_araknit\vc141.pdb
c:\sync.com\sync\lym-sources\porphyrograph-vc17\release\core_araknit\porphyro.15d2b474.tlog\cl.command.1.tlog
c:\sync.com\sync\lym-sources\porphyrograph-vc17\release\core_araknit\porphyro.15d2b474.tlog\cl.read.1.tlog
c:\sync.com\sync\lym-sources\porphyrograph-vc17\release\core_araknit\porphyro.15d2b474.tlog\cl.write.1.tlog
c:\sync.com\sync\lym-sources\porphyrograph-vc17\release\core_araknit\porphyro.15d2b474.tlog\link.command.1.tlog
c:\sync.com\sync\lym-sources\porphyrograph-vc17\release\core_araknit\porphyro.15d2b474.tlog\link.read.1.tlog
c:\sync.com\sync\lym-sources\porphyrograph-vc17\release\core_araknit\porphyro.15d2b474.tlog\link.write.1.tlog
