d:\sync.com\sync\lym-sources\porphyrograph-vc17\release\dm_dcont\vc141.pdb
d:\sync.com\sync\lym-sources\porphyrograph-vc17\release\dm_dcont\dm-video.obj
d:\sync.com\sync\lym-sources\porphyrograph-vc17\release\dm_dcont\dm-variables.obj
d:\sync.com\sync\lym-sources\porphyrograph-vc17\release\dm_dcont\dm-udp.obj
d:\sync.com\sync\lym-sources\porphyrograph-vc17\release\dm_dcont\dm-texture.obj
d:\sync.com\sync\lym-sources\porphyrograph-vc17\release\dm_dcont\dm-stroke.obj
d:\sync.com\sync\lym-sources\porphyrograph-vc17\release\dm_dcont\dm-strings.obj
d:\sync.com\sync\lym-sources\porphyrograph-vc17\release\dm_dcont\dm-shader.obj
d:\sync.com\sync\lym-sources\porphyrograph-vc17\release\dm_dcont\dm-script.obj
d:\sync.com\sync\lym-sources\porphyrograph-vc17\release\dm_dcont\dm-scene.obj
d:\sync.com\sync\lym-sources\porphyrograph-vc17\release\dm_dcont\dm-non-geom-objects.obj
d:\sync.com\sync\lym-sources\porphyrograph-vc17\release\dm_dcont\dm-material.obj
d:\sync.com\sync\lym-sources\porphyrograph-vc17\release\dm_dcont\dm-main.obj
d:\sync.com\sync\lym-sources\porphyrograph-vc17\release\dm_dcont\dm-lib.obj
d:\sync.com\sync\lym-sources\porphyrograph-vc17\release\dm_dcont\dm-interpolator.obj
d:\sync.com\sync\lym-sources\porphyrograph-vc17\release\dm_dcont\dm-geom-objects.obj
d:\sync.com\sync\lym-sources\porphyrograph-vc17\release\dm_dcont\dm-draw.obj
d:\sync.com\sync\lym-sources\porphyrograph-vc17\release\dm_dcont\dm-conf.obj
d:\sync.com\sync\lym-sources\porphyrograph-vc17\release\dm_dcont\dm-composition.obj
d:\sync.com\sync\lym-sources\porphyrograph-vc17\release\dm_dcont\dm-iofile.obj
d:\sync.com\sync\lym-sources\porphyrograph-vc17\release\dm_dcont\porphyrograph_dm_dcont.pdb
d:\sync.com\sync\lym-sources\porphyrograph-vc17\release\dm_dcont\porphyro.c047e8e4.tlog\cl.command.1.tlog
d:\sync.com\sync\lym-sources\porphyrograph-vc17\release\dm_dcont\porphyro.c047e8e4.tlog\cl.read.1.tlog
d:\sync.com\sync\lym-sources\porphyrograph-vc17\release\dm_dcont\porphyro.c047e8e4.tlog\cl.write.1.tlog
d:\sync.com\sync\lym-sources\porphyrograph-vc17\release\dm_dcont\porphyro.c047e8e4.tlog\link.command.1.tlog
d:\sync.com\sync\lym-sources\porphyrograph-vc17\release\dm_dcont\porphyro.c047e8e4.tlog\link.read.1.tlog
d:\sync.com\sync\lym-sources\porphyrograph-vc17\release\dm_dcont\porphyro.c047e8e4.tlog\link.write.1.tlog
