  dm-composition.cpp
C:\sync.com\Sync\LYM-github\Porphyrograph\LYM-sources\SourcesBerfore18\DM\src-1.42\dm-all_include.h(177,10): fatal error C1083: Cannot open include file: 'opencv2/core.hpp': No such file or directory
  dm-conf.cpp
C:\sync.com\Sync\LYM-github\Porphyrograph\LYM-sources\SourcesBerfore18\DM\src-1.42\dm-all_include.h(177,10): fatal error C1083: Cannot open include file: 'opencv2/core.hpp': No such file or directory
  dm-draw.cpp
C:\sync.com\Sync\LYM-github\Porphyrograph\LYM-sources\SourcesBerfore18\DM\src-1.42\dm-all_include.h(177,10): fatal error C1083: Cannot open include file: 'opencv2/core.hpp': No such file or directory
  dm-geom-objects.cpp
C:\sync.com\Sync\LYM-github\Porphyrograph\LYM-sources\SourcesBerfore18\DM\src-1.42\dm-all_include.h(177,10): fatal error C1083: Cannot open include file: 'opencv2/core.hpp': No such file or directory
  dm-interpolator.cpp
C:\sync.com\Sync\LYM-github\Porphyrograph\LYM-sources\SourcesBerfore18\DM\src-1.42\dm-all_include.h(177,10): fatal error C1083: Cannot open include file: 'opencv2/core.hpp': No such file or directory
  dm-IOfile.cpp
C:\sync.com\Sync\LYM-github\Porphyrograph\LYM-sources\SourcesBerfore18\DM\src-1.42\dm-all_include.h(177,10): fatal error C1083: Cannot open include file: 'opencv2/core.hpp': No such file or directory
  dm-lib.cpp
C:\sync.com\Sync\LYM-github\Porphyrograph\LYM-sources\SourcesBerfore18\DM\src-1.42\dm-all_include.h(177,10): fatal error C1083: Cannot open include file: 'opencv2/core.hpp': No such file or directory
  dm-main.cpp
C:\sync.com\Sync\LYM-github\Porphyrograph\LYM-sources\SourcesBerfore18\DM\src-1.42\dm-all_include.h(177,10): fatal error C1083: Cannot open include file: 'opencv2/core.hpp': No such file or directory
  dm-material.cpp
C:\sync.com\Sync\LYM-github\Porphyrograph\LYM-sources\SourcesBerfore18\DM\src-1.42\dm-all_include.h(177,10): fatal error C1083: Cannot open include file: 'opencv2/core.hpp': No such file or directory
  dm-non-geom-objects.cpp
C:\sync.com\Sync\LYM-github\Porphyrograph\LYM-sources\SourcesBerfore18\DM\src-1.42\dm-all_include.h(177,10): fatal error C1083: Cannot open include file: 'opencv2/core.hpp': No such file or directory
  dm-scene.cpp
C:\sync.com\Sync\LYM-github\Porphyrograph\LYM-sources\SourcesBerfore18\DM\src-1.42\dm-all_include.h(177,10): fatal error C1083: Cannot open include file: 'opencv2/core.hpp': No such file or directory
  dm-script.cpp
C:\sync.com\Sync\LYM-github\Porphyrograph\LYM-sources\SourcesBerfore18\DM\src-1.42\dm-all_include.h(177,10): fatal error C1083: Cannot open include file: 'opencv2/core.hpp': No such file or directory
  dm-shader.cpp
C:\sync.com\Sync\LYM-github\Porphyrograph\LYM-sources\SourcesBerfore18\DM\src-1.42\dm-all_include.h(177,10): fatal error C1083: Cannot open include file: 'opencv2/core.hpp': No such file or directory
  dm-strings.cpp
C:\sync.com\Sync\LYM-github\Porphyrograph\LYM-sources\SourcesBerfore18\DM\src-1.42\dm-all_include.h(177,10): fatal error C1083: Cannot open include file: 'opencv2/core.hpp': No such file or directory
  dm-stroke.cpp
C:\sync.com\Sync\LYM-github\Porphyrograph\LYM-sources\SourcesBerfore18\DM\src-1.42\dm-all_include.h(177,10): fatal error C1083: Cannot open include file: 'opencv2/core.hpp': No such file or directory
  dm-texture.cpp
C:\sync.com\Sync\LYM-github\Porphyrograph\LYM-sources\SourcesBerfore18\DM\src-1.42\dm-all_include.h(177,10): fatal error C1083: Cannot open include file: 'opencv2/core.hpp': No such file or directory
  dm-udp.cpp
C:\sync.com\Sync\LYM-github\Porphyrograph\LYM-sources\SourcesBerfore18\DM\src-1.42\dm-all_include.h(177,10): fatal error C1083: Cannot open include file: 'opencv2/core.hpp': No such file or directory
  dm-variables.cpp
C:\sync.com\Sync\LYM-github\Porphyrograph\LYM-sources\SourcesBerfore18\DM\src-1.42\dm-all_include.h(177,10): fatal error C1083: Cannot open include file: 'opencv2/core.hpp': No such file or directory
  dm-video.cpp
C:\sync.com\Sync\LYM-github\Porphyrograph\LYM-sources\SourcesBerfore18\DM\src-1.42\dm-all_include.h(177,10): fatal error C1083: Cannot open include file: 'opencv2/core.hpp': No such file or directory
  Generating Code...
