d:\sync.com\sync\lym-sources\porphyrograph-vc17\release\core_criton\vc141.pdb
d:\sync.com\sync\lym-sources\porphyrograph-vc17\release\core_criton\pg-udp.obj
d:\sync.com\sync\lym-sources\porphyrograph-vc17\release\core_criton\pg-script.obj
d:\sync.com\sync\lym-sources\porphyrograph-vc17\release\core_criton\pg-main.obj
d:\sync.com\sync\lym-sources\porphyrograph-vc17\release\core_criton\pg-update.obj
d:\sync.com\sync\lym-sources\porphyrograph-vc17\release\core_criton\pg-texture.obj
d:\sync.com\sync\lym-sources\porphyrograph-vc17\release\core_criton\pg-stroke.obj
d:\sync.com\sync\lym-sources\porphyrograph-vc17\release\core_criton\pg-shader.obj
d:\sync.com\sync\lym-sources\porphyrograph-vc17\release\core_criton\pg-init.obj
d:\sync.com\sync\lym-sources\porphyrograph-vc17\release\core_criton\pg-conf.obj
d:\sync.com\sync\lym-sources\porphyrograph-vc17\release\core_criton\pg-svg-clip-art.obj
d:\sync.com\sync\lym-sources\porphyrograph-vc17\release\core_criton\porphyrograph_core_criton.exe
d:\sync.com\sync\lym-sources\porphyrograph-vc17\release\core_criton\porphyrograph_core_criton.pdb
d:\sync.com\sync\lym-sources\porphyrograph-vc17\release\core_criton\pg-svg_gpu.obj
d:\sync.com\sync\lym-sources\porphyrograph-vc17\release\core_criton\porphyro.b351504d.tlog\cl.command.1.tlog
d:\sync.com\sync\lym-sources\porphyrograph-vc17\release\core_criton\porphyro.b351504d.tlog\cl.read.1.tlog
d:\sync.com\sync\lym-sources\porphyrograph-vc17\release\core_criton\porphyro.b351504d.tlog\cl.write.1.tlog
d:\sync.com\sync\lym-sources\porphyrograph-vc17\release\core_criton\porphyro.b351504d.tlog\link.command.1.tlog
d:\sync.com\sync\lym-sources\porphyrograph-vc17\release\core_criton\porphyro.b351504d.tlog\link.read.1.tlog
d:\sync.com\sync\lym-sources\porphyrograph-vc17\release\core_criton\porphyro.b351504d.tlog\link.write.1.tlog
