d:\lym-sources\porphyrograph-vc17\release\atelport\vc141.pdb
d:\lym-sources\porphyrograph-vc17\release\atelport\pg-update.obj
d:\lym-sources\porphyrograph-vc17\release\atelport\pg-udp.obj
d:\lym-sources\porphyrograph-vc17\release\atelport\pg-texture.obj
d:\lym-sources\porphyrograph-vc17\release\atelport\pg-stroke.obj
d:\lym-sources\porphyrograph-vc17\release\atelport\pg-shader.obj
d:\lym-sources\porphyrograph-vc17\release\atelport\pg-script.obj
d:\lym-sources\porphyrograph-vc17\release\atelport\pg-main.obj
d:\lym-sources\porphyrograph-vc17\release\atelport\pg-init.obj
d:\lym-sources\porphyrograph-vc17\release\atelport\pg-conf.obj
d:\lym-sources\porphyrograph-vc17\release\atelport\porphyrograph_atelport.exe
d:\lym-sources\porphyrograph-vc17\release\atelport\porphyrograph_atelport.pdb
d:\lym-github\lym-sources\porphyrograph-vc17\release\atelport\pg-conf.obj
d:\lym-github\lym-sources\porphyrograph-vc17\release\atelport\pg-init.obj
d:\lym-github\lym-sources\porphyrograph-vc17\release\atelport\pg-main.obj
d:\lym-github\lym-sources\porphyrograph-vc17\release\atelport\pg-script.obj
d:\lym-github\lym-sources\porphyrograph-vc17\release\atelport\pg-shader.obj
d:\lym-github\lym-sources\porphyrograph-vc17\release\atelport\pg-stroke.obj
d:\lym-github\lym-sources\porphyrograph-vc17\release\atelport\pg-texture.obj
d:\lym-github\lym-sources\porphyrograph-vc17\release\atelport\pg-udp.obj
d:\lym-github\lym-sources\porphyrograph-vc17\release\atelport\pg-update.obj
d:\lym-github\lym-sources\porphyrograph-vc17\release\atelport\porphyrograph_atelport.pdb
d:\lym-github\lym-sources\porphyrograph-vc17\release\atelport\vc141.pdb
d:\lym-github\lym-sources\porphyrograph-vc17\release\atelport\porphyrograph_atelport.exe
d:\lym-github\lym-sources\porphyrograph-vc17\release\atelport\porphyro.08ba69d1.tlog\cl.command.1.tlog
d:\lym-github\lym-sources\porphyrograph-vc17\release\atelport\porphyro.08ba69d1.tlog\cl.read.1.tlog
d:\lym-github\lym-sources\porphyrograph-vc17\release\atelport\porphyro.08ba69d1.tlog\cl.write.1.tlog
d:\lym-github\lym-sources\porphyrograph-vc17\release\atelport\porphyro.08ba69d1.tlog\link.command.1.tlog
d:\lym-github\lym-sources\porphyrograph-vc17\release\atelport\porphyro.08ba69d1.tlog\link.read.1.tlog
d:\lym-github\lym-sources\porphyrograph-vc17\release\atelport\porphyro.08ba69d1.tlog\link.write.1.tlog
