d:\sync.com\sync\lym-sources\porphyrograph-vc17\release\core_reutlingen\vc141.pdb
d:\sync.com\sync\lym-sources\porphyrograph-vc17\release\core_reutlingen\pg-update.obj
d:\sync.com\sync\lym-sources\porphyrograph-vc17\release\core_reutlingen\pg-udp.obj
d:\sync.com\sync\lym-sources\porphyrograph-vc17\release\core_reutlingen\pg-texture.obj
d:\sync.com\sync\lym-sources\porphyrograph-vc17\release\core_reutlingen\pg-stroke.obj
d:\sync.com\sync\lym-sources\porphyrograph-vc17\release\core_reutlingen\pg-shader.obj
d:\sync.com\sync\lym-sources\porphyrograph-vc17\release\core_reutlingen\pg-script.obj
d:\sync.com\sync\lym-sources\porphyrograph-vc17\release\core_reutlingen\pg-main.obj
d:\sync.com\sync\lym-sources\porphyrograph-vc17\release\core_reutlingen\pg-init.obj
d:\sync.com\sync\lym-sources\porphyrograph-vc17\release\core_reutlingen\pg-conf.obj
d:\sync.com\sync\lym-sources\porphyrograph-vc17\release\core_reutlingen\pg-svg_gpu.obj
d:\sync.com\sync\lym-sources\porphyrograph-vc17\release\core_reutlingen\pg-svg-clip-art.obj
d:\sync.com\sync\lym-sources\porphyrograph-vc17\release\core_reutlingen\porphyrograph_core_reutlingen.exe
d:\sync.com\sync\lym-sources\porphyrograph-vc17\release\core_reutlingen\porphyrograph_core_reutlingen.pdb
d:\sync.com\sync\lym-sources\porphyrograph-vc17\release\core_reutlingen\porphyro.19a429f1.tlog\cl.command.1.tlog
d:\sync.com\sync\lym-sources\porphyrograph-vc17\release\core_reutlingen\porphyro.19a429f1.tlog\cl.read.1.tlog
d:\sync.com\sync\lym-sources\porphyrograph-vc17\release\core_reutlingen\porphyro.19a429f1.tlog\cl.write.1.tlog
d:\sync.com\sync\lym-sources\porphyrograph-vc17\release\core_reutlingen\porphyro.19a429f1.tlog\link.command.1.tlog
d:\sync.com\sync\lym-sources\porphyrograph-vc17\release\core_reutlingen\porphyro.19a429f1.tlog\link.read.1.tlog
d:\sync.com\sync\lym-sources\porphyrograph-vc17\release\core_reutlingen\porphyro.19a429f1.tlog\link.write.1.tlog
