  pg-conf.cpp
d:\lym-github\lym-sources\porphyrograph-src\pg-all_include.h(64): fatal error C1083: Cannot open include file: 'dirent.h': No such file or directory
  pg-init.cpp
d:\lym-github\lym-sources\porphyrograph-src\pg-all_include.h(64): fatal error C1083: Cannot open include file: 'dirent.h': No such file or directory
  pg-main.cpp
d:\lym-github\lym-sources\porphyrograph-src\pg-all_include.h(64): fatal error C1083: Cannot open include file: 'dirent.h': No such file or directory
  pg-script.cpp
d:\lym-github\lym-sources\porphyrograph-src\pg-all_include.h(64): fatal error C1083: Cannot open include file: 'dirent.h': No such file or directory
  pg-shader.cpp
d:\lym-github\lym-sources\porphyrograph-src\pg-all_include.h(64): fatal error C1083: Cannot open include file: 'dirent.h': No such file or directory
  pg-stroke.cpp
d:\lym-github\lym-sources\porphyrograph-src\pg-all_include.h(64): fatal error C1083: Cannot open include file: 'dirent.h': No such file or directory
  pg-texture.cpp
d:\lym-github\lym-sources\porphyrograph-src\pg-all_include.h(64): fatal error C1083: Cannot open include file: 'dirent.h': No such file or directory
  pg-textureTVW.cpp
d:\lym-github\lym-sources\porphyrograph-src\pg-all_include.h(64): fatal error C1083: Cannot open include file: 'dirent.h': No such file or directory
  pg-udp.cpp
d:\lym-github\lym-sources\porphyrograph-src\pg-all_include.h(64): fatal error C1083: Cannot open include file: 'dirent.h': No such file or directory
  pg-update.cpp
d:\lym-github\lym-sources\porphyrograph-src\pg-all_include.h(64): fatal error C1083: Cannot open include file: 'dirent.h': No such file or directory
  Generating Code...
