d:\lym-sources\porphyrograph-vc17\release\core_demo\vc141.pdb
d:\lym-sources\porphyrograph-vc17\release\core_demo\pg-update.obj
d:\lym-sources\porphyrograph-vc17\release\core_demo\pg-udp.obj
d:\lym-sources\porphyrograph-vc17\release\core_demo\pg-texturetvw.obj
d:\lym-sources\porphyrograph-vc17\release\core_demo\pg-texture.obj
d:\lym-sources\porphyrograph-vc17\release\core_demo\pg-stroke.obj
d:\lym-sources\porphyrograph-vc17\release\core_demo\pg-shader.obj
d:\lym-sources\porphyrograph-vc17\release\core_demo\pg-script.obj
d:\lym-sources\porphyrograph-vc17\release\core_demo\pg-main.obj
d:\lym-sources\porphyrograph-vc17\release\core_demo\pg-init.obj
d:\lym-sources\porphyrograph-vc17\release\core_demo\pg-conf.obj
d:\lym-sources\porphyrograph-vc17\release\core_demo\porphyrograph_core_demo.exe
d:\lym-sources\porphyrograph-vc17\release\core_demo\porphyrograph_core_demo.pdb
d:\lym-github\lym-sources\porphyrograph-vc17\release\core_demo\pg-conf.obj
d:\lym-github\lym-sources\porphyrograph-vc17\release\core_demo\pg-init.obj
d:\lym-github\lym-sources\porphyrograph-vc17\release\core_demo\pg-main.obj
d:\lym-github\lym-sources\porphyrograph-vc17\release\core_demo\pg-script.obj
d:\lym-github\lym-sources\porphyrograph-vc17\release\core_demo\pg-shader.obj
d:\lym-github\lym-sources\porphyrograph-vc17\release\core_demo\pg-stroke.obj
d:\lym-github\lym-sources\porphyrograph-vc17\release\core_demo\pg-texture.obj
d:\lym-github\lym-sources\porphyrograph-vc17\release\core_demo\pg-texturetvw.obj
d:\lym-github\lym-sources\porphyrograph-vc17\release\core_demo\pg-udp.obj
d:\lym-github\lym-sources\porphyrograph-vc17\release\core_demo\pg-update.obj
d:\lym-github\lym-sources\porphyrograph-vc17\release\core_demo\porphyrograph_core_demo.pdb
d:\lym-github\lym-sources\porphyrograph-vc17\release\core_demo\vc141.pdb
d:\lym-github\lym-sources\porphyrograph-vc17\release\core_demo\porphyrograph_core_demo.exe
d:\lym-github\lym-sources\porphyrograph-vc17\release\core_demo\porphyro.5784ecb7.tlog\cl.command.1.tlog
d:\lym-github\lym-sources\porphyrograph-vc17\release\core_demo\porphyro.5784ecb7.tlog\cl.read.1.tlog
d:\lym-github\lym-sources\porphyrograph-vc17\release\core_demo\porphyro.5784ecb7.tlog\cl.write.1.tlog
d:\lym-github\lym-sources\porphyrograph-vc17\release\core_demo\porphyro.5784ecb7.tlog\link.command.1.tlog
d:\lym-github\lym-sources\porphyrograph-vc17\release\core_demo\porphyro.5784ecb7.tlog\link.read.1.tlog
d:\lym-github\lym-sources\porphyrograph-vc17\release\core_demo\porphyro.5784ecb7.tlog\link.write.1.tlog
